2020-03-28 16:43:47,320 [Worker-4: Loading available Gradle versions] INFO  o.e.b.c.i.u.g.PublishedGradleVersions - Gradle version information cache is up-to-date. Trying to read.
2020-03-28 16:50:10,294 [Worker-18: Building workspace] INFO  o.e.m.c.i.l.LifecycleMappingFactory - Using org.eclipse.m2e.jdt.JarLifecycleMapping lifecycle mapping for MavenProject: br.inf.ids:treina1-api:1.0-SNAPSHOT @ C:\projetos\projetoBar\bar\bar-api\pom.xml.
2020-03-28 16:50:25,722 [Worker-18: Building workspace] INFO  o.e.m.c.i.embedder.EclipseLogger - Using 'UTF-8' encoding to copy filtered resources.
2020-03-28 16:50:25,741 [Worker-18: Building workspace] INFO  o.e.m.c.i.embedder.EclipseLogger - Copying 12 resources
2020-03-28 16:50:27,667 [Worker-18: Building workspace] INFO  o.e.m.c.i.embedder.EclipseLogger - Using 'UTF-8' encoding to copy filtered resources.
2020-03-28 16:50:27,669 [Worker-18: Building workspace] INFO  o.e.m.c.i.embedder.EclipseLogger - skip non existing resourceDirectory C:\projetos\projetoBar\bar\bar-api\src\test\resources
2020-03-28 16:50:53,623 [Worker-12: Building workspace] INFO  o.e.m.c.i.embedder.EclipseLogger - Using 'UTF-8' encoding to copy filtered resources.
2020-03-28 16:50:53,686 [Worker-12: Building workspace] INFO  o.e.m.c.i.embedder.EclipseLogger - Copying 12 resources
2020-03-28 16:50:54,407 [Worker-12: Building workspace] INFO  o.e.m.c.i.embedder.EclipseLogger - Using 'UTF-8' encoding to copy filtered resources.
2020-03-28 16:50:54,408 [Worker-12: Building workspace] INFO  o.e.m.c.i.embedder.EclipseLogger - skip non existing resourceDirectory C:\projetos\projetoBar\bar\bar-api\src\test\resources
2020-03-28 16:59:23,331 [Worker-20: Building workspace] INFO  o.e.m.c.i.embedder.EclipseLogger - Using 'UTF-8' encoding to copy filtered resources.
2020-03-28 16:59:23,349 [Worker-20: Building workspace] INFO  o.e.m.c.i.embedder.EclipseLogger - Copying 12 resources
2020-03-28 16:59:23,366 [Worker-20: Building workspace] INFO  o.e.m.c.i.embedder.EclipseLogger - Using 'UTF-8' encoding to copy filtered resources.
2020-03-28 16:59:23,369 [Worker-20: Building workspace] INFO  o.e.m.c.i.embedder.EclipseLogger - skip non existing resourceDirectory C:\projetos\projetoBar\bar\bar-api\src\test\resources
2020-03-28 17:00:28,094 [Worker-19: Building workspace] INFO  o.e.m.c.i.embedder.EclipseLogger - Using 'UTF-8' encoding to copy filtered resources.
2020-03-28 17:00:28,115 [Worker-19: Building workspace] INFO  o.e.m.c.i.embedder.EclipseLogger - Copying 12 resources
2020-03-28 17:00:28,133 [Worker-19: Building workspace] INFO  o.e.m.c.i.embedder.EclipseLogger - Using 'UTF-8' encoding to copy filtered resources.
2020-03-28 17:00:28,134 [Worker-19: Building workspace] INFO  o.e.m.c.i.embedder.EclipseLogger - skip non existing resourceDirectory C:\projetos\projetoBar\bar\bar-api\src\test\resources
2020-03-28 17:00:43,358 [Worker-21: Building workspace] INFO  o.e.m.c.i.embedder.EclipseLogger - Using 'UTF-8' encoding to copy filtered resources.
2020-03-28 17:00:43,376 [Worker-21: Building workspace] INFO  o.e.m.c.i.embedder.EclipseLogger - Copying 12 resources
2020-03-28 17:00:43,391 [Worker-21: Building workspace] INFO  o.e.m.c.i.embedder.EclipseLogger - Using 'UTF-8' encoding to copy filtered resources.
2020-03-28 17:00:43,393 [Worker-21: Building workspace] INFO  o.e.m.c.i.embedder.EclipseLogger - skip non existing resourceDirectory C:\projetos\projetoBar\bar\bar-api\src\test\resources
2020-03-28 17:04:25,245 [Worker-23: Building workspace] INFO  o.e.m.c.i.embedder.EclipseLogger - Using 'UTF-8' encoding to copy filtered resources.
2020-03-28 17:04:25,289 [Worker-23: Building workspace] INFO  o.e.m.c.i.embedder.EclipseLogger - Copying 12 resources
2020-03-28 17:04:25,311 [Worker-23: Building workspace] INFO  o.e.m.c.i.embedder.EclipseLogger - Using 'UTF-8' encoding to copy filtered resources.
2020-03-28 17:04:25,318 [Worker-23: Building workspace] INFO  o.e.m.c.i.embedder.EclipseLogger - skip non existing resourceDirectory C:\projetos\projetoBar\bar\bar-api\src\test\resources
2020-03-28 17:24:06,205 [Worker-14: Building workspace] INFO  o.e.m.c.i.embedder.EclipseLogger - Using 'UTF-8' encoding to copy filtered resources.
2020-03-28 17:24:06,229 [Worker-14: Building workspace] INFO  o.e.m.c.i.embedder.EclipseLogger - Copying 12 resources
2020-03-28 17:24:06,249 [Worker-14: Building workspace] INFO  o.e.m.c.i.embedder.EclipseLogger - Using 'UTF-8' encoding to copy filtered resources.
2020-03-28 17:24:06,253 [Worker-14: Building workspace] INFO  o.e.m.c.i.embedder.EclipseLogger - skip non existing resourceDirectory C:\projetos\projetoBar\bar\bar-api\src\test\resources
2020-03-28 17:26:24,692 [Worker-30: Building workspace] INFO  o.e.m.c.i.embedder.EclipseLogger - Using 'UTF-8' encoding to copy filtered resources.
2020-03-28 17:26:24,712 [Worker-30: Building workspace] INFO  o.e.m.c.i.embedder.EclipseLogger - Copying 12 resources
2020-03-28 17:26:24,732 [Worker-30: Building workspace] INFO  o.e.m.c.i.embedder.EclipseLogger - Using 'UTF-8' encoding to copy filtered resources.
2020-03-28 17:26:24,740 [Worker-30: Building workspace] INFO  o.e.m.c.i.embedder.EclipseLogger - skip non existing resourceDirectory C:\projetos\projetoBar\bar\bar-api\src\test\resources
2020-03-28 17:28:08,056 [Worker-14: Building workspace] INFO  o.e.m.c.i.embedder.EclipseLogger - Using 'UTF-8' encoding to copy filtered resources.
2020-03-28 17:28:08,080 [Worker-14: Building workspace] INFO  o.e.m.c.i.embedder.EclipseLogger - Copying 12 resources
2020-03-28 17:28:08,100 [Worker-14: Building workspace] INFO  o.e.m.c.i.embedder.EclipseLogger - Using 'UTF-8' encoding to copy filtered resources.
2020-03-28 17:28:08,104 [Worker-14: Building workspace] INFO  o.e.m.c.i.embedder.EclipseLogger - skip non existing resourceDirectory C:\projetos\projetoBar\bar\bar-api\src\test\resources
2020-03-28 17:37:20,442 [Worker-37: Building workspace] INFO  o.e.m.c.i.embedder.EclipseLogger - Using 'UTF-8' encoding to copy filtered resources.
2020-03-28 17:37:20,462 [Worker-37: Building workspace] INFO  o.e.m.c.i.embedder.EclipseLogger - Copying 12 resources
2020-03-28 17:37:20,486 [Worker-37: Building workspace] INFO  o.e.m.c.i.embedder.EclipseLogger - Using 'UTF-8' encoding to copy filtered resources.
2020-03-28 17:37:20,486 [Worker-37: Building workspace] INFO  o.e.m.c.i.embedder.EclipseLogger - skip non existing resourceDirectory C:\projetos\projetoBar\bar\bar-api\src\test\resources
2020-03-28 17:50:01,168 [Worker-39: Building workspace] INFO  o.e.m.c.i.embedder.EclipseLogger - Using 'UTF-8' encoding to copy filtered resources.
2020-03-28 17:50:01,183 [Worker-39: Building workspace] INFO  o.e.m.c.i.embedder.EclipseLogger - Copying 12 resources
2020-03-28 17:50:01,199 [Worker-39: Building workspace] INFO  o.e.m.c.i.embedder.EclipseLogger - Using 'UTF-8' encoding to copy filtered resources.
2020-03-28 17:50:01,199 [Worker-39: Building workspace] INFO  o.e.m.c.i.embedder.EclipseLogger - skip non existing resourceDirectory C:\projetos\projetoBar\bar\bar-api\src\test\resources
2020-03-28 17:50:50,681 [Worker-44: Building workspace] INFO  o.e.m.c.i.embedder.EclipseLogger - Using 'UTF-8' encoding to copy filtered resources.
2020-03-28 17:50:50,681 [Worker-44: Building workspace] INFO  o.e.m.c.i.embedder.EclipseLogger - Copying 12 resources
2020-03-28 17:50:51,650 [Worker-44: Building workspace] INFO  o.e.m.c.i.embedder.EclipseLogger - Using 'UTF-8' encoding to copy filtered resources.
2020-03-28 17:50:51,650 [Worker-44: Building workspace] INFO  o.e.m.c.i.embedder.EclipseLogger - skip non existing resourceDirectory C:\projetos\projetoBar\bar\bar-api\src\test\resources
2020-03-28 17:55:00,183 [Worker-41: Building workspace] INFO  o.e.m.c.i.embedder.EclipseLogger - Using 'UTF-8' encoding to copy filtered resources.
2020-03-28 17:55:00,207 [Worker-41: Building workspace] INFO  o.e.m.c.i.embedder.EclipseLogger - Copying 12 resources
2020-03-28 17:55:00,523 [Worker-41: Building workspace] INFO  o.e.m.c.i.embedder.EclipseLogger - Using 'UTF-8' encoding to copy filtered resources.
2020-03-28 17:55:00,523 [Worker-41: Building workspace] INFO  o.e.m.c.i.embedder.EclipseLogger - skip non existing resourceDirectory C:\projetos\projetoBar\bar\bar-api\src\test\resources
2020-03-28 18:00:01,849 [Worker-44: Building workspace] INFO  o.e.m.c.i.embedder.EclipseLogger - Using 'UTF-8' encoding to copy filtered resources.
2020-03-28 18:00:01,865 [Worker-44: Building workspace] INFO  o.e.m.c.i.embedder.EclipseLogger - Copying 12 resources
2020-03-28 18:00:02,411 [Worker-44: Building workspace] INFO  o.e.m.c.i.embedder.EclipseLogger - Using 'UTF-8' encoding to copy filtered resources.
2020-03-28 18:00:02,411 [Worker-44: Building workspace] INFO  o.e.m.c.i.embedder.EclipseLogger - skip non existing resourceDirectory C:\projetos\projetoBar\bar\bar-api\src\test\resources
2020-03-28 18:05:03,671 [Worker-46: Building workspace] INFO  o.e.m.c.i.embedder.EclipseLogger - Using 'UTF-8' encoding to copy filtered resources.
2020-03-28 18:05:03,686 [Worker-46: Building workspace] INFO  o.e.m.c.i.embedder.EclipseLogger - Copying 12 resources
2020-03-28 18:05:04,092 [Worker-46: Building workspace] INFO  o.e.m.c.i.embedder.EclipseLogger - Using 'UTF-8' encoding to copy filtered resources.
2020-03-28 18:05:04,092 [Worker-46: Building workspace] INFO  o.e.m.c.i.embedder.EclipseLogger - skip non existing resourceDirectory C:\projetos\projetoBar\bar\bar-api\src\test\resources
2020-03-28 18:10:05,233 [Worker-49: Building workspace] INFO  o.e.m.c.i.embedder.EclipseLogger - Using 'UTF-8' encoding to copy filtered resources.
2020-03-28 18:10:05,296 [Worker-49: Building workspace] INFO  o.e.m.c.i.embedder.EclipseLogger - Copying 12 resources
2020-03-28 18:10:05,671 [Worker-49: Building workspace] INFO  o.e.m.c.i.embedder.EclipseLogger - Using 'UTF-8' encoding to copy filtered resources.
2020-03-28 18:10:05,671 [Worker-49: Building workspace] INFO  o.e.m.c.i.embedder.EclipseLogger - skip non existing resourceDirectory C:\projetos\projetoBar\bar\bar-api\src\test\resources
2020-03-28 18:15:06,748 [Worker-51: Building workspace] INFO  o.e.m.c.i.embedder.EclipseLogger - Using 'UTF-8' encoding to copy filtered resources.
2020-03-28 18:15:06,779 [Worker-51: Building workspace] INFO  o.e.m.c.i.embedder.EclipseLogger - Copying 12 resources
2020-03-28 18:15:07,229 [Worker-51: Building workspace] INFO  o.e.m.c.i.embedder.EclipseLogger - Using 'UTF-8' encoding to copy filtered resources.
2020-03-28 18:15:07,229 [Worker-51: Building workspace] INFO  o.e.m.c.i.embedder.EclipseLogger - skip non existing resourceDirectory C:\projetos\projetoBar\bar\bar-api\src\test\resources
2020-03-28 18:20:08,343 [Worker-51: Building workspace] INFO  o.e.m.c.i.embedder.EclipseLogger - Using 'UTF-8' encoding to copy filtered resources.
2020-03-28 18:20:08,359 [Worker-51: Building workspace] INFO  o.e.m.c.i.embedder.EclipseLogger - Copying 12 resources
2020-03-28 18:20:08,734 [Worker-51: Building workspace] INFO  o.e.m.c.i.embedder.EclipseLogger - Using 'UTF-8' encoding to copy filtered resources.
2020-03-28 18:20:08,734 [Worker-51: Building workspace] INFO  o.e.m.c.i.embedder.EclipseLogger - skip non existing resourceDirectory C:\projetos\projetoBar\bar\bar-api\src\test\resources
2020-03-28 18:25:09,842 [Worker-52: Building workspace] INFO  o.e.m.c.i.embedder.EclipseLogger - Using 'UTF-8' encoding to copy filtered resources.
2020-03-28 18:25:09,858 [Worker-52: Building workspace] INFO  o.e.m.c.i.embedder.EclipseLogger - Copying 12 resources
2020-03-28 18:25:10,139 [Worker-52: Building workspace] INFO  o.e.m.c.i.embedder.EclipseLogger - Using 'UTF-8' encoding to copy filtered resources.
2020-03-28 18:25:10,139 [Worker-52: Building workspace] INFO  o.e.m.c.i.embedder.EclipseLogger - skip non existing resourceDirectory C:\projetos\projetoBar\bar\bar-api\src\test\resources
2020-03-28 18:30:11,110 [Worker-56: Building workspace] INFO  o.e.m.c.i.embedder.EclipseLogger - Using 'UTF-8' encoding to copy filtered resources.
2020-03-28 18:30:11,126 [Worker-56: Building workspace] INFO  o.e.m.c.i.embedder.EclipseLogger - Copying 12 resources
2020-03-28 18:30:11,391 [Worker-56: Building workspace] INFO  o.e.m.c.i.embedder.EclipseLogger - Using 'UTF-8' encoding to copy filtered resources.
2020-03-28 18:30:11,391 [Worker-56: Building workspace] INFO  o.e.m.c.i.embedder.EclipseLogger - skip non existing resourceDirectory C:\projetos\projetoBar\bar\bar-api\src\test\resources
2020-03-28 18:31:02,571 [Worker-58: Building workspace] INFO  o.e.m.c.i.embedder.EclipseLogger - Using 'UTF-8' encoding to copy filtered resources.
2020-03-28 18:31:02,583 [Worker-58: Building workspace] INFO  o.e.m.c.i.embedder.EclipseLogger - Copying 12 resources
2020-03-28 18:31:03,395 [Worker-58: Building workspace] INFO  o.e.m.c.i.embedder.EclipseLogger - Using 'UTF-8' encoding to copy filtered resources.
2020-03-28 18:31:03,395 [Worker-58: Building workspace] INFO  o.e.m.c.i.embedder.EclipseLogger - skip non existing resourceDirectory C:\projetos\projetoBar\bar\bar-api\src\test\resources
2020-03-28 18:47:24,686 [Worker-54: Building workspace] INFO  o.e.m.c.i.embedder.EclipseLogger - Using 'UTF-8' encoding to copy filtered resources.
2020-03-28 18:47:24,702 [Worker-54: Building workspace] INFO  o.e.m.c.i.embedder.EclipseLogger - Copying 12 resources
2020-03-28 18:47:24,733 [Worker-54: Building workspace] INFO  o.e.m.c.i.embedder.EclipseLogger - Using 'UTF-8' encoding to copy filtered resources.
2020-03-28 18:47:24,733 [Worker-54: Building workspace] INFO  o.e.m.c.i.embedder.EclipseLogger - skip non existing resourceDirectory C:\projetos\projetoBar\bar\bar-api\src\test\resources
2020-03-28 18:48:16,625 [Worker-54: Building workspace] INFO  o.e.m.c.i.embedder.EclipseLogger - Using 'UTF-8' encoding to copy filtered resources.
2020-03-28 18:48:16,656 [Worker-54: Building workspace] INFO  o.e.m.c.i.embedder.EclipseLogger - Copying 12 resources
2020-03-28 18:48:16,688 [Worker-54: Building workspace] INFO  o.e.m.c.i.embedder.EclipseLogger - Using 'UTF-8' encoding to copy filtered resources.
2020-03-28 18:48:16,688 [Worker-54: Building workspace] INFO  o.e.m.c.i.embedder.EclipseLogger - skip non existing resourceDirectory C:\projetos\projetoBar\bar\bar-api\src\test\resources
2020-03-28 18:48:59,684 [Worker-63: Building workspace] INFO  o.e.m.c.i.embedder.EclipseLogger - Using 'UTF-8' encoding to copy filtered resources.
2020-03-28 18:48:59,700 [Worker-63: Building workspace] INFO  o.e.m.c.i.embedder.EclipseLogger - Copying 12 resources
2020-03-28 18:48:59,731 [Worker-63: Building workspace] INFO  o.e.m.c.i.embedder.EclipseLogger - Using 'UTF-8' encoding to copy filtered resources.
2020-03-28 18:48:59,731 [Worker-63: Building workspace] INFO  o.e.m.c.i.embedder.EclipseLogger - skip non existing resourceDirectory C:\projetos\projetoBar\bar\bar-api\src\test\resources
2020-03-28 18:50:59,268 [Worker-62: Building workspace] INFO  o.e.m.c.i.l.LifecycleMappingFactory - Using org.eclipse.m2e.jdt.JarLifecycleMapping lifecycle mapping for MavenProject: br.inf.ids:treina1-api:1.0-SNAPSHOT @ C:\projetos\projetoBar\bar\bar-api\pom.xml.
2020-03-28 18:51:09,214 [Worker-62: Building workspace] INFO  o.e.m.c.i.embedder.EclipseLogger - Using 'UTF-8' encoding to copy filtered resources.
2020-03-28 18:51:09,214 [Worker-62: Building workspace] INFO  o.e.m.c.i.embedder.EclipseLogger - Copying 12 resources
2020-03-28 18:51:10,792 [Worker-62: Building workspace] INFO  o.e.m.c.i.embedder.EclipseLogger - Using 'UTF-8' encoding to copy filtered resources.
2020-03-28 18:51:10,808 [Worker-62: Building workspace] INFO  o.e.m.c.i.embedder.EclipseLogger - skip non existing resourceDirectory C:\projetos\projetoBar\bar\bar-api\src\test\resources
2020-03-28 18:51:22,043 [Worker-62: Building workspace] INFO  o.e.m.c.i.embedder.EclipseLogger - Using 'UTF-8' encoding to copy filtered resources.
2020-03-28 18:51:22,059 [Worker-62: Building workspace] INFO  o.e.m.c.i.embedder.EclipseLogger - Copying 12 resources
2020-03-28 18:51:22,387 [Worker-62: Building workspace] INFO  o.e.m.c.i.embedder.EclipseLogger - Using 'UTF-8' encoding to copy filtered resources.
2020-03-28 18:51:22,387 [Worker-62: Building workspace] INFO  o.e.m.c.i.embedder.EclipseLogger - skip non existing resourceDirectory C:\projetos\projetoBar\bar\bar-api\src\test\resources
2020-03-28 18:51:52,904 [Worker-59: Building workspace] INFO  o.e.m.c.i.embedder.EclipseLogger - Using 'UTF-8' encoding to copy filtered resources.
2020-03-28 18:51:52,904 [Worker-59: Building workspace] INFO  o.e.m.c.i.embedder.EclipseLogger - Copying 12 resources
2020-03-28 18:51:52,920 [Worker-59: Building workspace] INFO  o.e.m.c.i.embedder.EclipseLogger - Using 'UTF-8' encoding to copy filtered resources.
2020-03-28 18:51:52,936 [Worker-59: Building workspace] INFO  o.e.m.c.i.embedder.EclipseLogger - skip non existing resourceDirectory C:\projetos\projetoBar\bar\bar-api\src\test\resources
2020-03-28 18:52:54,394 [Worker-65: Building workspace] INFO  o.e.m.c.i.embedder.EclipseLogger - Using 'UTF-8' encoding to copy filtered resources.
2020-03-28 18:52:54,410 [Worker-65: Building workspace] INFO  o.e.m.c.i.embedder.EclipseLogger - Copying 12 resources
2020-03-28 18:52:54,426 [Worker-65: Building workspace] INFO  o.e.m.c.i.embedder.EclipseLogger - Using 'UTF-8' encoding to copy filtered resources.
2020-03-28 18:52:54,441 [Worker-65: Building workspace] INFO  o.e.m.c.i.embedder.EclipseLogger - skip non existing resourceDirectory C:\projetos\projetoBar\bar\bar-api\src\test\resources
2020-03-28 18:58:31,207 [Worker-68: Building workspace] INFO  o.e.m.c.i.embedder.EclipseLogger - Using 'UTF-8' encoding to copy filtered resources.
2020-03-28 18:58:31,207 [Worker-68: Building workspace] INFO  o.e.m.c.i.embedder.EclipseLogger - Copying 12 resources
2020-03-28 18:58:31,222 [Worker-68: Building workspace] INFO  o.e.m.c.i.embedder.EclipseLogger - Using 'UTF-8' encoding to copy filtered resources.
2020-03-28 18:58:31,222 [Worker-68: Building workspace] INFO  o.e.m.c.i.embedder.EclipseLogger - skip non existing resourceDirectory C:\projetos\projetoBar\bar\bar-api\src\test\resources
2020-03-28 18:59:19,446 [Worker-68: Building workspace] INFO  o.e.m.c.i.embedder.EclipseLogger - Using 'UTF-8' encoding to copy filtered resources.
2020-03-28 18:59:19,477 [Worker-68: Building workspace] INFO  o.e.m.c.i.embedder.EclipseLogger - Copying 12 resources
2020-03-28 18:59:19,493 [Worker-68: Building workspace] INFO  o.e.m.c.i.embedder.EclipseLogger - Using 'UTF-8' encoding to copy filtered resources.
2020-03-28 18:59:19,493 [Worker-68: Building workspace] INFO  o.e.m.c.i.embedder.EclipseLogger - skip non existing resourceDirectory C:\projetos\projetoBar\bar\bar-api\src\test\resources
2020-03-28 19:00:13,767 [Worker-70: Building workspace] INFO  o.e.m.c.i.embedder.EclipseLogger - Using 'UTF-8' encoding to copy filtered resources.
2020-03-28 19:00:13,782 [Worker-70: Building workspace] INFO  o.e.m.c.i.embedder.EclipseLogger - Copying 12 resources
2020-03-28 19:00:13,798 [Worker-70: Building workspace] INFO  o.e.m.c.i.embedder.EclipseLogger - Using 'UTF-8' encoding to copy filtered resources.
2020-03-28 19:00:13,798 [Worker-70: Building workspace] INFO  o.e.m.c.i.embedder.EclipseLogger - skip non existing resourceDirectory C:\projetos\projetoBar\bar\bar-api\src\test\resources
2020-03-28 19:01:31,720 [Worker-68: Building workspace] INFO  o.e.m.c.i.embedder.EclipseLogger - Using 'UTF-8' encoding to copy filtered resources.
2020-03-28 19:01:31,735 [Worker-68: Building workspace] INFO  o.e.m.c.i.embedder.EclipseLogger - Copying 12 resources
2020-03-28 19:01:31,782 [Worker-68: Building workspace] INFO  o.e.m.c.i.embedder.EclipseLogger - Using 'UTF-8' encoding to copy filtered resources.
2020-03-28 19:01:31,782 [Worker-68: Building workspace] INFO  o.e.m.c.i.embedder.EclipseLogger - skip non existing resourceDirectory C:\projetos\projetoBar\bar\bar-api\src\test\resources
2020-03-28 19:01:39,251 [Worker-62: Building workspace] INFO  o.e.m.c.i.embedder.EclipseLogger - Using 'UTF-8' encoding to copy filtered resources.
2020-03-28 19:01:39,266 [Worker-62: Building workspace] INFO  o.e.m.c.i.embedder.EclipseLogger - Copying 12 resources
2020-03-28 19:01:39,266 [Worker-62: Building workspace] INFO  o.e.m.c.i.embedder.EclipseLogger - Using 'UTF-8' encoding to copy filtered resources.
2020-03-28 19:01:39,282 [Worker-62: Building workspace] INFO  o.e.m.c.i.embedder.EclipseLogger - skip non existing resourceDirectory C:\projetos\projetoBar\bar\bar-api\src\test\resources
2020-03-28 19:01:49,407 [Worker-59: Building workspace] INFO  o.e.m.c.i.embedder.EclipseLogger - Using 'UTF-8' encoding to copy filtered resources.
2020-03-28 19:01:49,438 [Worker-59: Building workspace] INFO  o.e.m.c.i.embedder.EclipseLogger - Copying 12 resources
2020-03-28 19:01:49,454 [Worker-59: Building workspace] INFO  o.e.m.c.i.embedder.EclipseLogger - Using 'UTF-8' encoding to copy filtered resources.
2020-03-28 19:01:49,454 [Worker-59: Building workspace] INFO  o.e.m.c.i.embedder.EclipseLogger - skip non existing resourceDirectory C:\projetos\projetoBar\bar\bar-api\src\test\resources
2020-03-28 19:07:59,281 [Worker-72: Building workspace] INFO  o.e.m.c.i.embedder.EclipseLogger - Using 'UTF-8' encoding to copy filtered resources.
2020-03-28 19:07:59,296 [Worker-72: Building workspace] INFO  o.e.m.c.i.embedder.EclipseLogger - Copying 12 resources
2020-03-28 19:07:59,312 [Worker-72: Building workspace] INFO  o.e.m.c.i.embedder.EclipseLogger - Using 'UTF-8' encoding to copy filtered resources.
2020-03-28 19:07:59,312 [Worker-72: Building workspace] INFO  o.e.m.c.i.embedder.EclipseLogger - skip non existing resourceDirectory C:\projetos\projetoBar\bar\bar-api\src\test\resources
2020-03-28 19:08:06,941 [Worker-74: Building workspace] INFO  o.e.m.c.i.embedder.EclipseLogger - Using 'UTF-8' encoding to copy filtered resources.
2020-03-28 19:08:06,957 [Worker-74: Building workspace] INFO  o.e.m.c.i.embedder.EclipseLogger - Copying 12 resources
2020-03-28 19:08:06,969 [Worker-74: Building workspace] INFO  o.e.m.c.i.embedder.EclipseLogger - Using 'UTF-8' encoding to copy filtered resources.
2020-03-28 19:08:06,969 [Worker-74: Building workspace] INFO  o.e.m.c.i.embedder.EclipseLogger - skip non existing resourceDirectory C:\projetos\projetoBar\bar\bar-api\src\test\resources
2020-03-28 19:08:21,174 [Worker-68: Building workspace] INFO  o.e.m.c.i.embedder.EclipseLogger - Using 'UTF-8' encoding to copy filtered resources.
2020-03-28 19:08:21,189 [Worker-68: Building workspace] INFO  o.e.m.c.i.embedder.EclipseLogger - Copying 12 resources
2020-03-28 19:08:21,205 [Worker-68: Building workspace] INFO  o.e.m.c.i.embedder.EclipseLogger - Using 'UTF-8' encoding to copy filtered resources.
2020-03-28 19:08:21,205 [Worker-68: Building workspace] INFO  o.e.m.c.i.embedder.EclipseLogger - skip non existing resourceDirectory C:\projetos\projetoBar\bar\bar-api\src\test\resources
2020-03-28 19:12:34,929 [Worker-77: Building workspace] INFO  o.e.m.c.i.embedder.EclipseLogger - Using 'UTF-8' encoding to copy filtered resources.
2020-03-28 19:12:34,945 [Worker-77: Building workspace] INFO  o.e.m.c.i.embedder.EclipseLogger - Copying 12 resources
2020-03-28 19:12:34,960 [Worker-77: Building workspace] INFO  o.e.m.c.i.embedder.EclipseLogger - Using 'UTF-8' encoding to copy filtered resources.
2020-03-28 19:12:34,960 [Worker-77: Building workspace] INFO  o.e.m.c.i.embedder.EclipseLogger - skip non existing resourceDirectory C:\projetos\projetoBar\bar\bar-api\src\test\resources
2020-03-28 19:13:15,355 [Worker-74: Building workspace] INFO  o.e.m.c.i.embedder.EclipseLogger - Using 'UTF-8' encoding to copy filtered resources.
2020-03-28 19:13:15,378 [Worker-74: Building workspace] INFO  o.e.m.c.i.embedder.EclipseLogger - Copying 12 resources
2020-03-28 19:13:15,396 [Worker-74: Building workspace] INFO  o.e.m.c.i.embedder.EclipseLogger - Using 'UTF-8' encoding to copy filtered resources.
2020-03-28 19:13:15,398 [Worker-74: Building workspace] INFO  o.e.m.c.i.embedder.EclipseLogger - skip non existing resourceDirectory C:\projetos\projetoBar\bar\bar-api\src\test\resources
2020-03-28 19:13:23,091 [Worker-76: Building workspace] INFO  o.e.m.c.i.embedder.EclipseLogger - Using 'UTF-8' encoding to copy filtered resources.
2020-03-28 19:13:23,091 [Worker-76: Building workspace] INFO  o.e.m.c.i.embedder.EclipseLogger - Copying 12 resources
2020-03-28 19:13:23,107 [Worker-76: Building workspace] INFO  o.e.m.c.i.embedder.EclipseLogger - Using 'UTF-8' encoding to copy filtered resources.
2020-03-28 19:13:23,107 [Worker-76: Building workspace] INFO  o.e.m.c.i.embedder.EclipseLogger - skip non existing resourceDirectory C:\projetos\projetoBar\bar\bar-api\src\test\resources
2020-03-28 19:13:36,470 [Worker-76: Building workspace] INFO  o.e.m.c.i.embedder.EclipseLogger - Using 'UTF-8' encoding to copy filtered resources.
2020-03-28 19:13:36,485 [Worker-76: Building workspace] INFO  o.e.m.c.i.embedder.EclipseLogger - Copying 12 resources
2020-03-28 19:13:36,500 [Worker-76: Building workspace] INFO  o.e.m.c.i.embedder.EclipseLogger - Using 'UTF-8' encoding to copy filtered resources.
2020-03-28 19:13:36,502 [Worker-76: Building workspace] INFO  o.e.m.c.i.embedder.EclipseLogger - skip non existing resourceDirectory C:\projetos\projetoBar\bar\bar-api\src\test\resources
2020-03-28 19:14:11,732 [Worker-76: Building workspace] INFO  o.e.m.c.i.embedder.EclipseLogger - Using 'UTF-8' encoding to copy filtered resources.
2020-03-28 19:14:11,747 [Worker-76: Building workspace] INFO  o.e.m.c.i.embedder.EclipseLogger - Copying 12 resources
2020-03-28 19:14:11,763 [Worker-76: Building workspace] INFO  o.e.m.c.i.embedder.EclipseLogger - Using 'UTF-8' encoding to copy filtered resources.
2020-03-28 19:14:11,763 [Worker-76: Building workspace] INFO  o.e.m.c.i.embedder.EclipseLogger - skip non existing resourceDirectory C:\projetos\projetoBar\bar\bar-api\src\test\resources
2020-03-28 19:14:58,733 [Worker-71: Building workspace] INFO  o.e.m.c.i.embedder.EclipseLogger - Using 'UTF-8' encoding to copy filtered resources.
2020-03-28 19:14:58,749 [Worker-71: Building workspace] INFO  o.e.m.c.i.embedder.EclipseLogger - Copying 12 resources
2020-03-28 19:14:58,765 [Worker-71: Building workspace] INFO  o.e.m.c.i.embedder.EclipseLogger - Using 'UTF-8' encoding to copy filtered resources.
2020-03-28 19:14:58,765 [Worker-71: Building workspace] INFO  o.e.m.c.i.embedder.EclipseLogger - skip non existing resourceDirectory C:\projetos\projetoBar\bar\bar-api\src\test\resources
2020-03-28 19:15:11,498 [Worker-78: Building workspace] INFO  o.e.m.c.i.embedder.EclipseLogger - Using 'UTF-8' encoding to copy filtered resources.
2020-03-28 19:15:11,498 [Worker-78: Building workspace] INFO  o.e.m.c.i.embedder.EclipseLogger - Copying 12 resources
2020-03-28 19:15:11,513 [Worker-78: Building workspace] INFO  o.e.m.c.i.embedder.EclipseLogger - Using 'UTF-8' encoding to copy filtered resources.
2020-03-28 19:15:11,513 [Worker-78: Building workspace] INFO  o.e.m.c.i.embedder.EclipseLogger - skip non existing resourceDirectory C:\projetos\projetoBar\bar\bar-api\src\test\resources
2020-03-28 19:18:38,704 [Worker-74: Building workspace] INFO  o.e.m.c.i.embedder.EclipseLogger - Using 'UTF-8' encoding to copy filtered resources.
2020-03-28 19:18:38,735 [Worker-74: Building workspace] INFO  o.e.m.c.i.embedder.EclipseLogger - Copying 12 resources
2020-03-28 19:18:38,751 [Worker-74: Building workspace] INFO  o.e.m.c.i.embedder.EclipseLogger - Using 'UTF-8' encoding to copy filtered resources.
2020-03-28 19:18:38,751 [Worker-74: Building workspace] INFO  o.e.m.c.i.embedder.EclipseLogger - skip non existing resourceDirectory C:\projetos\projetoBar\bar\bar-api\src\test\resources
2020-03-28 19:19:03,511 [Worker-79: Building workspace] INFO  o.e.m.c.i.embedder.EclipseLogger - Using 'UTF-8' encoding to copy filtered resources.
2020-03-28 19:19:03,543 [Worker-79: Building workspace] INFO  o.e.m.c.i.embedder.EclipseLogger - Copying 12 resources
2020-03-28 19:19:03,558 [Worker-79: Building workspace] INFO  o.e.m.c.i.embedder.EclipseLogger - Using 'UTF-8' encoding to copy filtered resources.
2020-03-28 19:19:03,558 [Worker-79: Building workspace] INFO  o.e.m.c.i.embedder.EclipseLogger - skip non existing resourceDirectory C:\projetos\projetoBar\bar\bar-api\src\test\resources
2020-03-28 19:19:52,187 [Worker-71: Building workspace] INFO  o.e.m.c.i.embedder.EclipseLogger - Using 'UTF-8' encoding to copy filtered resources.
2020-03-28 19:19:52,203 [Worker-71: Building workspace] INFO  o.e.m.c.i.embedder.EclipseLogger - Copying 12 resources
2020-03-28 19:19:52,218 [Worker-71: Building workspace] INFO  o.e.m.c.i.embedder.EclipseLogger - Using 'UTF-8' encoding to copy filtered resources.
2020-03-28 19:19:52,218 [Worker-71: Building workspace] INFO  o.e.m.c.i.embedder.EclipseLogger - skip non existing resourceDirectory C:\projetos\projetoBar\bar\bar-api\src\test\resources
2020-03-28 19:20:10,029 [Worker-79: Building workspace] INFO  o.e.m.c.i.embedder.EclipseLogger - Using 'UTF-8' encoding to copy filtered resources.
2020-03-28 19:20:10,045 [Worker-79: Building workspace] INFO  o.e.m.c.i.embedder.EclipseLogger - Copying 12 resources
2020-03-28 19:20:10,060 [Worker-79: Building workspace] INFO  o.e.m.c.i.embedder.EclipseLogger - Using 'UTF-8' encoding to copy filtered resources.
2020-03-28 19:20:10,060 [Worker-79: Building workspace] INFO  o.e.m.c.i.embedder.EclipseLogger - skip non existing resourceDirectory C:\projetos\projetoBar\bar\bar-api\src\test\resources
2020-03-28 19:21:38,753 [Worker-79: Building workspace] INFO  o.e.m.c.i.embedder.EclipseLogger - Using 'UTF-8' encoding to copy filtered resources.
2020-03-28 19:21:38,769 [Worker-79: Building workspace] INFO  o.e.m.c.i.embedder.EclipseLogger - Copying 12 resources
2020-03-28 19:21:38,784 [Worker-79: Building workspace] INFO  o.e.m.c.i.embedder.EclipseLogger - Using 'UTF-8' encoding to copy filtered resources.
2020-03-28 19:21:38,784 [Worker-79: Building workspace] INFO  o.e.m.c.i.embedder.EclipseLogger - skip non existing resourceDirectory C:\projetos\projetoBar\bar\bar-api\src\test\resources
2020-03-28 19:22:15,868 [Worker-79: Building workspace] INFO  o.e.m.c.i.embedder.EclipseLogger - Using 'UTF-8' encoding to copy filtered resources.
2020-03-28 19:22:15,883 [Worker-79: Building workspace] INFO  o.e.m.c.i.embedder.EclipseLogger - Copying 12 resources
2020-03-28 19:22:15,895 [Worker-79: Building workspace] INFO  o.e.m.c.i.embedder.EclipseLogger - Using 'UTF-8' encoding to copy filtered resources.
2020-03-28 19:22:15,897 [Worker-79: Building workspace] INFO  o.e.m.c.i.embedder.EclipseLogger - skip non existing resourceDirectory C:\projetos\projetoBar\bar\bar-api\src\test\resources
2020-03-28 19:23:23,252 [Worker-77: Building workspace] INFO  o.e.m.c.i.embedder.EclipseLogger - Using 'UTF-8' encoding to copy filtered resources.
2020-03-28 19:23:23,267 [Worker-77: Building workspace] INFO  o.e.m.c.i.embedder.EclipseLogger - Copying 12 resources
2020-03-28 19:23:23,283 [Worker-77: Building workspace] INFO  o.e.m.c.i.embedder.EclipseLogger - Using 'UTF-8' encoding to copy filtered resources.
2020-03-28 19:23:23,283 [Worker-77: Building workspace] INFO  o.e.m.c.i.embedder.EclipseLogger - skip non existing resourceDirectory C:\projetos\projetoBar\bar\bar-api\src\test\resources
2020-03-28 19:23:47,357 [Worker-71: Building workspace] INFO  o.e.m.c.i.embedder.EclipseLogger - Using 'UTF-8' encoding to copy filtered resources.
2020-03-28 19:23:47,357 [Worker-71: Building workspace] INFO  o.e.m.c.i.embedder.EclipseLogger - Copying 12 resources
2020-03-28 19:23:47,373 [Worker-71: Building workspace] INFO  o.e.m.c.i.embedder.EclipseLogger - Using 'UTF-8' encoding to copy filtered resources.
2020-03-28 19:23:47,373 [Worker-71: Building workspace] INFO  o.e.m.c.i.embedder.EclipseLogger - skip non existing resourceDirectory C:\projetos\projetoBar\bar\bar-api\src\test\resources
2020-03-28 19:24:16,889 [Worker-78: Building workspace] INFO  o.e.m.c.i.embedder.EclipseLogger - Using 'UTF-8' encoding to copy filtered resources.
2020-03-28 19:24:16,904 [Worker-78: Building workspace] INFO  o.e.m.c.i.embedder.EclipseLogger - Copying 12 resources
2020-03-28 19:24:16,920 [Worker-78: Building workspace] INFO  o.e.m.c.i.embedder.EclipseLogger - Using 'UTF-8' encoding to copy filtered resources.
2020-03-28 19:24:16,920 [Worker-78: Building workspace] INFO  o.e.m.c.i.embedder.EclipseLogger - skip non existing resourceDirectory C:\projetos\projetoBar\bar\bar-api\src\test\resources
2020-03-28 19:24:39,825 [Worker-71: Building workspace] INFO  o.e.m.c.i.embedder.EclipseLogger - Using 'UTF-8' encoding to copy filtered resources.
2020-03-28 19:24:39,841 [Worker-71: Building workspace] INFO  o.e.m.c.i.embedder.EclipseLogger - Copying 12 resources
2020-03-28 19:24:39,857 [Worker-71: Building workspace] INFO  o.e.m.c.i.embedder.EclipseLogger - Using 'UTF-8' encoding to copy filtered resources.
2020-03-28 19:24:39,857 [Worker-71: Building workspace] INFO  o.e.m.c.i.embedder.EclipseLogger - skip non existing resourceDirectory C:\projetos\projetoBar\bar\bar-api\src\test\resources
2020-03-28 19:25:03,719 [Worker-80: Building workspace] INFO  o.e.m.c.i.embedder.EclipseLogger - Using 'UTF-8' encoding to copy filtered resources.
2020-03-28 19:25:03,734 [Worker-80: Building workspace] INFO  o.e.m.c.i.embedder.EclipseLogger - Copying 12 resources
2020-03-28 19:25:03,750 [Worker-80: Building workspace] INFO  o.e.m.c.i.embedder.EclipseLogger - Using 'UTF-8' encoding to copy filtered resources.
2020-03-28 19:25:03,750 [Worker-80: Building workspace] INFO  o.e.m.c.i.embedder.EclipseLogger - skip non existing resourceDirectory C:\projetos\projetoBar\bar\bar-api\src\test\resources
2020-03-28 19:25:45,304 [Worker-79: Building workspace] INFO  o.e.m.c.i.embedder.EclipseLogger - Using 'UTF-8' encoding to copy filtered resources.
2020-03-28 19:25:45,315 [Worker-79: Building workspace] INFO  o.e.m.c.i.embedder.EclipseLogger - Copying 12 resources
2020-03-28 19:25:45,330 [Worker-79: Building workspace] INFO  o.e.m.c.i.embedder.EclipseLogger - Using 'UTF-8' encoding to copy filtered resources.
2020-03-28 19:25:45,333 [Worker-79: Building workspace] INFO  o.e.m.c.i.embedder.EclipseLogger - skip non existing resourceDirectory C:\projetos\projetoBar\bar\bar-api\src\test\resources
2020-03-28 19:25:55,836 [Worker-80: Building workspace] INFO  o.e.m.c.i.embedder.EclipseLogger - Using 'UTF-8' encoding to copy filtered resources.
2020-03-28 19:25:55,851 [Worker-80: Building workspace] INFO  o.e.m.c.i.embedder.EclipseLogger - Copying 12 resources
2020-03-28 19:25:55,865 [Worker-80: Building workspace] INFO  o.e.m.c.i.embedder.EclipseLogger - Using 'UTF-8' encoding to copy filtered resources.
2020-03-28 19:25:55,866 [Worker-80: Building workspace] INFO  o.e.m.c.i.embedder.EclipseLogger - skip non existing resourceDirectory C:\projetos\projetoBar\bar\bar-api\src\test\resources
2020-03-28 19:26:05,107 [Worker-77: Building workspace] INFO  o.e.m.c.i.embedder.EclipseLogger - Using 'UTF-8' encoding to copy filtered resources.
2020-03-28 19:26:05,123 [Worker-77: Building workspace] INFO  o.e.m.c.i.embedder.EclipseLogger - Copying 12 resources
2020-03-28 19:26:05,123 [Worker-77: Building workspace] INFO  o.e.m.c.i.embedder.EclipseLogger - Using 'UTF-8' encoding to copy filtered resources.
2020-03-28 19:26:05,123 [Worker-77: Building workspace] INFO  o.e.m.c.i.embedder.EclipseLogger - skip non existing resourceDirectory C:\projetos\projetoBar\bar\bar-api\src\test\resources
2020-03-28 19:26:16,326 [Worker-78: Building workspace] INFO  o.e.m.c.i.embedder.EclipseLogger - Using 'UTF-8' encoding to copy filtered resources.
2020-03-28 19:26:16,372 [Worker-78: Building workspace] INFO  o.e.m.c.i.embedder.EclipseLogger - Copying 12 resources
2020-03-28 19:26:16,388 [Worker-78: Building workspace] INFO  o.e.m.c.i.embedder.EclipseLogger - Using 'UTF-8' encoding to copy filtered resources.
2020-03-28 19:26:16,388 [Worker-78: Building workspace] INFO  o.e.m.c.i.embedder.EclipseLogger - skip non existing resourceDirectory C:\projetos\projetoBar\bar\bar-api\src\test\resources
2020-03-28 19:26:24,888 [Worker-79: Building workspace] INFO  o.e.m.c.i.embedder.EclipseLogger - Using 'UTF-8' encoding to copy filtered resources.
2020-03-28 19:26:24,904 [Worker-79: Building workspace] INFO  o.e.m.c.i.embedder.EclipseLogger - Copying 12 resources
2020-03-28 19:26:24,920 [Worker-79: Building workspace] INFO  o.e.m.c.i.embedder.EclipseLogger - Using 'UTF-8' encoding to copy filtered resources.
2020-03-28 19:26:24,920 [Worker-79: Building workspace] INFO  o.e.m.c.i.embedder.EclipseLogger - skip non existing resourceDirectory C:\projetos\projetoBar\bar\bar-api\src\test\resources
2020-03-28 19:26:37,575 [Worker-80: Building workspace] INFO  o.e.m.c.i.embedder.EclipseLogger - Using 'UTF-8' encoding to copy filtered resources.
2020-03-28 19:26:37,591 [Worker-80: Building workspace] INFO  o.e.m.c.i.embedder.EclipseLogger - Copying 12 resources
2020-03-28 19:26:37,607 [Worker-80: Building workspace] INFO  o.e.m.c.i.embedder.EclipseLogger - Using 'UTF-8' encoding to copy filtered resources.
2020-03-28 19:26:37,607 [Worker-80: Building workspace] INFO  o.e.m.c.i.embedder.EclipseLogger - skip non existing resourceDirectory C:\projetos\projetoBar\bar\bar-api\src\test\resources
2020-03-28 19:26:49,154 [Worker-77: Building workspace] INFO  o.e.m.c.i.embedder.EclipseLogger - Using 'UTF-8' encoding to copy filtered resources.
2020-03-28 19:26:49,169 [Worker-77: Building workspace] INFO  o.e.m.c.i.embedder.EclipseLogger - Copying 12 resources
2020-03-28 19:26:49,169 [Worker-77: Building workspace] INFO  o.e.m.c.i.embedder.EclipseLogger - Using 'UTF-8' encoding to copy filtered resources.
2020-03-28 19:26:49,185 [Worker-77: Building workspace] INFO  o.e.m.c.i.embedder.EclipseLogger - skip non existing resourceDirectory C:\projetos\projetoBar\bar\bar-api\src\test\resources
2020-03-28 19:26:57,906 [Worker-77: Building workspace] INFO  o.e.m.c.i.embedder.EclipseLogger - Using 'UTF-8' encoding to copy filtered resources.
2020-03-28 19:26:57,922 [Worker-77: Building workspace] INFO  o.e.m.c.i.embedder.EclipseLogger - Copying 12 resources
2020-03-28 19:26:57,937 [Worker-77: Building workspace] INFO  o.e.m.c.i.embedder.EclipseLogger - Using 'UTF-8' encoding to copy filtered resources.
2020-03-28 19:26:57,937 [Worker-77: Building workspace] INFO  o.e.m.c.i.embedder.EclipseLogger - skip non existing resourceDirectory C:\projetos\projetoBar\bar\bar-api\src\test\resources
2020-03-28 19:27:06,716 [Worker-74: Building workspace] INFO  o.e.m.c.i.embedder.EclipseLogger - Using 'UTF-8' encoding to copy filtered resources.
2020-03-28 19:27:06,732 [Worker-74: Building workspace] INFO  o.e.m.c.i.embedder.EclipseLogger - Copying 12 resources
2020-03-28 19:27:06,748 [Worker-74: Building workspace] INFO  o.e.m.c.i.embedder.EclipseLogger - Using 'UTF-8' encoding to copy filtered resources.
2020-03-28 19:27:06,748 [Worker-74: Building workspace] INFO  o.e.m.c.i.embedder.EclipseLogger - skip non existing resourceDirectory C:\projetos\projetoBar\bar\bar-api\src\test\resources
2020-03-28 19:29:33,369 [Worker-80: Building workspace] INFO  o.e.m.c.i.embedder.EclipseLogger - Using 'UTF-8' encoding to copy filtered resources.
2020-03-28 19:29:33,390 [Worker-80: Building workspace] INFO  o.e.m.c.i.embedder.EclipseLogger - Copying 12 resources
2020-03-28 19:29:33,413 [Worker-80: Building workspace] INFO  o.e.m.c.i.embedder.EclipseLogger - Using 'UTF-8' encoding to copy filtered resources.
2020-03-28 19:29:33,416 [Worker-80: Building workspace] INFO  o.e.m.c.i.embedder.EclipseLogger - skip non existing resourceDirectory C:\projetos\projetoBar\bar\bar-api\src\test\resources
2020-03-28 20:13:57,873 [Worker-0: Loading available Gradle versions] INFO  o.e.b.c.i.u.g.PublishedGradleVersions - Gradle version information cache is up-to-date. Trying to read.
2020-03-28 20:16:21,165 [Worker-0: Building workspace] INFO  o.e.m.c.i.l.LifecycleMappingFactory - Using org.eclipse.m2e.jdt.JarLifecycleMapping lifecycle mapping for MavenProject: br.inf.ids:treina1-api:1.0-SNAPSHOT @ C:\projetos\projetoBar\ids-treina1\treina1-api\pom.xml.
2020-03-28 20:16:34,414 [Worker-0: Building workspace] INFO  o.e.m.c.i.embedder.EclipseLogger - Using 'UTF-8' encoding to copy filtered resources.
2020-03-28 20:16:34,435 [Worker-0: Building workspace] INFO  o.e.m.c.i.embedder.EclipseLogger - Copying 12 resources
2020-03-28 20:16:36,126 [Worker-0: Building workspace] INFO  o.e.m.c.i.embedder.EclipseLogger - Using 'UTF-8' encoding to copy filtered resources.
2020-03-28 20:16:36,127 [Worker-0: Building workspace] INFO  o.e.m.c.i.embedder.EclipseLogger - skip non existing resourceDirectory C:\projetos\projetoBar\ids-treina1\treina1-api\src\test\resources
2020-03-28 20:17:02,193 [Worker-2: Building workspace] INFO  o.e.m.c.i.embedder.EclipseLogger - Using 'UTF-8' encoding to copy filtered resources.
2020-03-28 20:17:02,239 [Worker-2: Building workspace] INFO  o.e.m.c.i.embedder.EclipseLogger - Copying 12 resources
2020-03-28 20:17:02,963 [Worker-2: Building workspace] INFO  o.e.m.c.i.embedder.EclipseLogger - Using 'UTF-8' encoding to copy filtered resources.
2020-03-28 20:17:02,965 [Worker-2: Building workspace] INFO  o.e.m.c.i.embedder.EclipseLogger - skip non existing resourceDirectory C:\projetos\projetoBar\ids-treina1\treina1-api\src\test\resources
2020-03-28 20:17:53,440 [Worker-7: Building workspace] INFO  o.e.m.c.i.embedder.EclipseLogger - Using 'UTF-8' encoding to copy filtered resources.
2020-03-28 20:17:53,455 [Worker-7: Building workspace] INFO  o.e.m.c.i.embedder.EclipseLogger - Copying 12 resources
2020-03-28 20:17:53,472 [Worker-7: Building workspace] INFO  o.e.m.c.i.embedder.EclipseLogger - Using 'UTF-8' encoding to copy filtered resources.
2020-03-28 20:17:53,473 [Worker-7: Building workspace] INFO  o.e.m.c.i.embedder.EclipseLogger - skip non existing resourceDirectory C:\projetos\projetoBar\ids-treina1\treina1-api\src\test\resources
2020-03-28 20:18:26,858 [Worker-13: Building workspace] INFO  o.e.m.c.i.embedder.EclipseLogger - Using 'UTF-8' encoding to copy filtered resources.
2020-03-28 20:18:26,878 [Worker-13: Building workspace] INFO  o.e.m.c.i.embedder.EclipseLogger - Copying 12 resources
2020-03-28 20:18:26,893 [Worker-13: Building workspace] INFO  o.e.m.c.i.embedder.EclipseLogger - Using 'UTF-8' encoding to copy filtered resources.
2020-03-28 20:18:26,893 [Worker-13: Building workspace] INFO  o.e.m.c.i.embedder.EclipseLogger - skip non existing resourceDirectory C:\projetos\projetoBar\ids-treina1\treina1-api\src\test\resources
2020-03-28 20:19:50,786 [Worker-7: Building workspace] INFO  o.e.m.c.i.embedder.EclipseLogger - Using 'UTF-8' encoding to copy filtered resources.
2020-03-28 20:19:50,801 [Worker-7: Building workspace] INFO  o.e.m.c.i.embedder.EclipseLogger - Copying 12 resources
2020-03-28 20:19:50,815 [Worker-7: Building workspace] INFO  o.e.m.c.i.embedder.EclipseLogger - Using 'UTF-8' encoding to copy filtered resources.
2020-03-28 20:19:50,816 [Worker-7: Building workspace] INFO  o.e.m.c.i.embedder.EclipseLogger - skip non existing resourceDirectory C:\projetos\projetoBar\ids-treina1\treina1-api\src\test\resources
2020-03-28 20:20:38,066 [Worker-2: Building workspace] INFO  o.e.m.c.i.embedder.EclipseLogger - Using 'UTF-8' encoding to copy filtered resources.
2020-03-28 20:20:38,081 [Worker-2: Building workspace] INFO  o.e.m.c.i.embedder.EclipseLogger - Copying 12 resources
2020-03-28 20:20:38,098 [Worker-2: Building workspace] INFO  o.e.m.c.i.embedder.EclipseLogger - Using 'UTF-8' encoding to copy filtered resources.
2020-03-28 20:20:38,099 [Worker-2: Building workspace] INFO  o.e.m.c.i.embedder.EclipseLogger - skip non existing resourceDirectory C:\projetos\projetoBar\ids-treina1\treina1-api\src\test\resources
2020-03-28 20:21:50,588 [Worker-16: Building workspace] INFO  o.e.m.c.i.embedder.EclipseLogger - Using 'UTF-8' encoding to copy filtered resources.
2020-03-28 20:21:50,612 [Worker-16: Building workspace] INFO  o.e.m.c.i.embedder.EclipseLogger - Copying 12 resources
2020-03-28 20:21:50,630 [Worker-16: Building workspace] INFO  o.e.m.c.i.embedder.EclipseLogger - Using 'UTF-8' encoding to copy filtered resources.
2020-03-28 20:21:50,631 [Worker-16: Building workspace] INFO  o.e.m.c.i.embedder.EclipseLogger - skip non existing resourceDirectory C:\projetos\projetoBar\ids-treina1\treina1-api\src\test\resources
2020-03-28 20:26:52,866 [Worker-18: Building workspace] INFO  o.e.m.c.i.embedder.EclipseLogger - Using 'UTF-8' encoding to copy filtered resources.
2020-03-28 20:26:52,882 [Worker-18: Building workspace] INFO  o.e.m.c.i.embedder.EclipseLogger - Copying 12 resources
2020-03-28 20:26:52,913 [Worker-18: Building workspace] INFO  o.e.m.c.i.embedder.EclipseLogger - Using 'UTF-8' encoding to copy filtered resources.
2020-03-28 20:26:52,914 [Worker-18: Building workspace] INFO  o.e.m.c.i.embedder.EclipseLogger - skip non existing resourceDirectory C:\projetos\projetoBar\ids-treina1\treina1-api\src\test\resources
2020-03-28 20:27:51,885 [Worker-17: Building workspace] INFO  o.e.m.c.i.embedder.EclipseLogger - Using 'UTF-8' encoding to copy filtered resources.
2020-03-28 20:27:51,887 [Worker-17: Building workspace] INFO  o.e.m.c.i.embedder.EclipseLogger - Copying 0 resource
2020-03-28 20:27:51,891 [Worker-17: Building workspace] INFO  o.e.m.c.i.embedder.EclipseLogger - Using 'UTF-8' encoding to copy filtered resources.
2020-03-28 20:27:51,893 [Worker-17: Building workspace] INFO  o.e.m.c.i.embedder.EclipseLogger - skip non existing resourceDirectory C:\projetos\projetoBar\ids-treina1\treina1-api\src\test\resources
2020-03-28 20:28:19,736 [Worker-19: Building workspace] INFO  o.e.m.c.i.embedder.EclipseLogger - Using 'UTF-8' encoding to copy filtered resources.
2020-03-28 20:28:19,745 [Worker-19: Building workspace] INFO  o.e.m.c.i.embedder.EclipseLogger - Copying 1 resource
2020-03-28 20:28:19,759 [Worker-19: Building workspace] INFO  o.e.m.c.i.embedder.EclipseLogger - Using 'UTF-8' encoding to copy filtered resources.
2020-03-28 20:28:19,774 [Worker-19: Building workspace] INFO  o.e.m.c.i.embedder.EclipseLogger - skip non existing resourceDirectory C:\projetos\projetoBar\ids-treina1\treina1-api\src\test\resources
2020-04-04 22:02:49,296 [Worker-5: Loading available Gradle versions] INFO  o.e.b.c.i.u.g.PublishedGradleVersions - Gradle version information cache is up-to-date. Trying to read.
2020-04-04 22:11:00,847 [Worker-14: Update Maven projects configuration] INFO  o.e.m.c.i.p.ProjectConfigurationManager - Update started
2020-04-04 22:11:26,946 [Worker-14: Update Maven projects configuration] INFO  o.e.m.c.i.l.LifecycleMappingFactory - Using org.eclipse.m2e.jdt.JarLifecycleMapping lifecycle mapping for MavenProject: br.inf.ids:api:1.0-SNAPSHOT @ C:\repositorio\projetoBar\server-api\pom.xml.
2020-04-04 22:12:08,859 [Worker-14: Update Maven projects configuration] INFO  o.e.m.j.i.AbstractJavaProjectConfigurator - Adding source folder /server-api/src/main/java
2020-04-04 22:12:08,861 [Worker-14: Update Maven projects configuration] INFO  o.e.m.j.i.AbstractJavaProjectConfigurator - Adding resource folder /server-api/src/main/resources
2020-04-04 22:12:09,011 [Worker-14: Update Maven projects configuration] INFO  o.e.m.j.i.AbstractJavaProjectConfigurator - Adding source folder /server-api/src/test/java
2020-04-04 22:13:09,966 [Worker-14: Update Maven projects configuration] INFO  o.e.m.c.i.p.ProjectConfigurationManager - Update completed: 129 sec
2020-04-04 22:13:15,965 [Worker-1: Building workspace] INFO  o.e.m.c.i.embedder.EclipseLogger - Using 'UTF-8' encoding to copy filtered resources.
2020-04-04 22:13:16,003 [Worker-1: Building workspace] INFO  o.e.m.c.i.embedder.EclipseLogger - Copying 14 resources
2020-04-04 22:13:16,680 [Worker-1: Building workspace] INFO  o.e.m.c.i.embedder.EclipseLogger - Using 'UTF-8' encoding to copy filtered resources.
2020-04-04 22:13:16,681 [Worker-1: Building workspace] INFO  o.e.m.c.i.embedder.EclipseLogger - skip non existing resourceDirectory C:\repositorio\projetoBar\server-api\src\test\resources
2020-04-07 19:34:23,884 [Worker-4: Loading available Gradle versions] INFO  o.e.b.c.i.u.g.PublishedGradleVersions - Gradle version information cache is out-of-date. Trying to update.
2020-04-07 19:58:46,810 [Worker-22: Building workspace] INFO  o.e.m.c.i.embedder.EclipseLogger - Using 'UTF-8' encoding to copy filtered resources.
2020-04-07 19:58:46,832 [Worker-22: Building workspace] INFO  o.e.m.c.i.embedder.EclipseLogger - Copying 14 resources
2020-04-07 19:58:46,861 [Worker-22: Building workspace] INFO  o.e.m.c.i.embedder.EclipseLogger - Using 'UTF-8' encoding to copy filtered resources.
2020-04-07 19:58:46,861 [Worker-22: Building workspace] INFO  o.e.m.c.i.embedder.EclipseLogger - skip non existing resourceDirectory C:\repositorio\projetoBar\server-api\src\test\resources
2020-04-07 19:59:09,408 [Worker-20: Building workspace] INFO  o.e.m.c.i.embedder.EclipseLogger - Using 'UTF-8' encoding to copy filtered resources.
2020-04-07 19:59:09,445 [Worker-20: Building workspace] INFO  o.e.m.c.i.embedder.EclipseLogger - Copying 14 resources
2020-04-07 19:59:09,458 [Worker-20: Building workspace] INFO  o.e.m.c.i.embedder.EclipseLogger - Using 'UTF-8' encoding to copy filtered resources.
2020-04-07 19:59:09,459 [Worker-20: Building workspace] INFO  o.e.m.c.i.embedder.EclipseLogger - skip non existing resourceDirectory C:\repositorio\projetoBar\server-api\src\test\resources
2020-04-07 20:00:58,987 [Worker-17: Building workspace] INFO  o.e.m.c.i.embedder.EclipseLogger - Using 'UTF-8' encoding to copy filtered resources.
2020-04-07 20:00:58,999 [Worker-17: Building workspace] INFO  o.e.m.c.i.embedder.EclipseLogger - Copying 14 resources
2020-04-07 20:00:59,014 [Worker-17: Building workspace] INFO  o.e.m.c.i.embedder.EclipseLogger - Using 'UTF-8' encoding to copy filtered resources.
2020-04-07 20:00:59,014 [Worker-17: Building workspace] INFO  o.e.m.c.i.embedder.EclipseLogger - skip non existing resourceDirectory C:\repositorio\projetoBar\server-api\src\test\resources
2020-04-07 20:02:57,119 [Worker-22: Building workspace] INFO  o.e.m.c.i.embedder.EclipseLogger - Using 'UTF-8' encoding to copy filtered resources.
2020-04-07 20:02:57,127 [Worker-22: Building workspace] INFO  o.e.m.c.i.embedder.EclipseLogger - Copying 14 resources
2020-04-07 20:02:57,138 [Worker-22: Building workspace] INFO  o.e.m.c.i.embedder.EclipseLogger - Using 'UTF-8' encoding to copy filtered resources.
2020-04-07 20:02:57,139 [Worker-22: Building workspace] INFO  o.e.m.c.i.embedder.EclipseLogger - skip non existing resourceDirectory C:\repositorio\projetoBar\server-api\src\test\resources
2020-04-07 20:17:34,440 [Worker-26: Building workspace] INFO  o.e.m.c.i.embedder.EclipseLogger - Using 'UTF-8' encoding to copy filtered resources.
2020-04-07 20:17:34,456 [Worker-26: Building workspace] INFO  o.e.m.c.i.embedder.EclipseLogger - Copying 14 resources
2020-04-07 20:17:34,456 [Worker-26: Building workspace] INFO  o.e.m.c.i.embedder.EclipseLogger - Using 'UTF-8' encoding to copy filtered resources.
2020-04-07 20:17:34,456 [Worker-26: Building workspace] INFO  o.e.m.c.i.embedder.EclipseLogger - skip non existing resourceDirectory C:\repositorio\projetoBar\server-api\src\test\resources
2020-04-07 20:17:45,726 [Worker-29: Building workspace] INFO  o.e.m.c.i.embedder.EclipseLogger - Using 'UTF-8' encoding to copy filtered resources.
2020-04-07 20:17:45,738 [Worker-29: Building workspace] INFO  o.e.m.c.i.embedder.EclipseLogger - Copying 14 resources
2020-04-07 20:17:45,755 [Worker-29: Building workspace] INFO  o.e.m.c.i.embedder.EclipseLogger - Using 'UTF-8' encoding to copy filtered resources.
2020-04-07 20:17:45,757 [Worker-29: Building workspace] INFO  o.e.m.c.i.embedder.EclipseLogger - skip non existing resourceDirectory C:\repositorio\projetoBar\server-api\src\test\resources
2020-04-07 20:17:56,296 [Worker-31: Building workspace] INFO  o.e.m.c.i.embedder.EclipseLogger - Using 'UTF-8' encoding to copy filtered resources.
2020-04-07 20:17:56,309 [Worker-31: Building workspace] INFO  o.e.m.c.i.embedder.EclipseLogger - Copying 14 resources
2020-04-07 20:17:56,321 [Worker-31: Building workspace] INFO  o.e.m.c.i.embedder.EclipseLogger - Using 'UTF-8' encoding to copy filtered resources.
2020-04-07 20:17:56,322 [Worker-31: Building workspace] INFO  o.e.m.c.i.embedder.EclipseLogger - skip non existing resourceDirectory C:\repositorio\projetoBar\server-api\src\test\resources
2020-04-07 20:22:29,869 [Worker-31: Importing Maven projects] INFO  o.e.m.c.i.l.LifecycleMappingFactory - Using org.eclipse.m2e.jdt.JarLifecycleMapping lifecycle mapping for MavenProject: br.inf.ids:api:1.0-SNAPSHOT @ C:\repositorio\projetoBar\server-api\pom.xml.
2020-04-07 20:22:37,505 [Worker-31: Importing Maven projects] INFO  o.e.m.j.i.AbstractJavaProjectConfigurator - Adding source folder /server-api/src/main/java
2020-04-07 20:22:37,505 [Worker-31: Importing Maven projects] INFO  o.e.m.j.i.AbstractJavaProjectConfigurator - Adding resource folder /server-api/src/main/resources
2020-04-07 20:22:37,505 [Worker-31: Importing Maven projects] INFO  o.e.m.j.i.AbstractJavaProjectConfigurator - Adding source folder /server-api/src/test/java
2020-04-07 20:22:40,590 [Worker-31: Importing Maven projects] INFO  o.e.m.c.i.p.ProjectConfigurationManager - Imported and configured 1 project(s) in 21 sec
2020-04-07 20:22:53,011 [Worker-33: Building workspace] INFO  o.e.m.c.i.embedder.EclipseLogger - Using 'UTF-8' encoding to copy filtered resources.
2020-04-07 20:22:53,026 [Worker-33: Building workspace] INFO  o.e.m.c.i.embedder.EclipseLogger - Copying 14 resources
2020-04-07 20:22:53,647 [Worker-33: Building workspace] INFO  o.e.m.c.i.embedder.EclipseLogger - Using 'UTF-8' encoding to copy filtered resources.
2020-04-07 20:22:53,648 [Worker-33: Building workspace] INFO  o.e.m.c.i.embedder.EclipseLogger - skip non existing resourceDirectory C:\repositorio\projetoBar\server-api\src\test\resources
2020-04-07 21:01:59,748 [Worker-40: Rebuilding] INFO  o.e.m.c.i.embedder.EclipseLogger - Using 'UTF-8' encoding to copy filtered resources.
2020-04-07 21:01:59,748 [Worker-40: Rebuilding] INFO  o.e.m.c.i.embedder.EclipseLogger - Copying 14 resources
2020-04-07 21:01:59,982 [Worker-40: Rebuilding] INFO  o.e.m.c.i.embedder.EclipseLogger - Using 'UTF-8' encoding to copy filtered resources.
2020-04-07 21:01:59,982 [Worker-40: Rebuilding] INFO  o.e.m.c.i.embedder.EclipseLogger - skip non existing resourceDirectory C:\repositorio\projetoBar\server-api\src\test\resources
2020-04-07 21:02:30,439 [Worker-44: Rebuilding] INFO  o.e.m.c.i.embedder.EclipseLogger - Using 'UTF-8' encoding to copy filtered resources.
2020-04-07 21:02:30,439 [Worker-44: Rebuilding] INFO  o.e.m.c.i.embedder.EclipseLogger - Copying 14 resources
2020-04-07 21:02:30,642 [Worker-44: Rebuilding] INFO  o.e.m.c.i.embedder.EclipseLogger - Using 'UTF-8' encoding to copy filtered resources.
2020-04-07 21:02:30,642 [Worker-44: Rebuilding] INFO  o.e.m.c.i.embedder.EclipseLogger - skip non existing resourceDirectory C:\repositorio\projetoBar\server-api\src\test\resources
2020-04-07 21:05:43,436 [Worker-40: Building workspace] INFO  o.e.m.c.i.embedder.EclipseLogger - Using 'UTF-8' encoding to copy filtered resources.
2020-04-07 21:05:43,448 [Worker-40: Building workspace] INFO  o.e.m.c.i.embedder.EclipseLogger - Copying 14 resources
2020-04-07 21:05:43,455 [Worker-40: Building workspace] INFO  o.e.m.c.i.embedder.EclipseLogger - Using 'UTF-8' encoding to copy filtered resources.
2020-04-07 21:05:43,456 [Worker-40: Building workspace] INFO  o.e.m.c.i.embedder.EclipseLogger - skip non existing resourceDirectory C:\repositorio\projetoBar\server-api\src\test\resources
2020-04-07 21:59:01,819 [Worker-54: Building workspace] INFO  o.e.m.c.i.embedder.EclipseLogger - Using 'UTF-8' encoding to copy filtered resources.
2020-04-07 21:59:01,819 [Worker-54: Building workspace] INFO  o.e.m.c.i.embedder.EclipseLogger - Copying 0 resource
2020-04-07 21:59:01,835 [Worker-54: Building workspace] INFO  o.e.m.c.i.embedder.EclipseLogger - Using 'UTF-8' encoding to copy filtered resources.
2020-04-07 21:59:01,835 [Worker-54: Building workspace] INFO  o.e.m.c.i.embedder.EclipseLogger - skip non existing resourceDirectory C:\repositorio\projetoBar\server-api\src\test\resources
2020-04-07 22:27:47,008 [Worker-2: Loading available Gradle versions] INFO  o.e.b.c.i.u.g.PublishedGradleVersions - Gradle version information cache is up-to-date. Trying to read.
2020-04-07 23:05:06,730 [Worker-15: Building workspace] INFO  o.e.m.c.i.embedder.EclipseLogger - Using 'UTF-8' encoding to copy filtered resources.
2020-04-07 23:05:06,793 [Worker-15: Building workspace] INFO  o.e.m.c.i.embedder.EclipseLogger - Copying 14 resources
2020-04-07 23:05:06,808 [Worker-15: Building workspace] INFO  o.e.m.c.i.embedder.EclipseLogger - Using 'UTF-8' encoding to copy filtered resources.
2020-04-07 23:05:06,808 [Worker-15: Building workspace] INFO  o.e.m.c.i.embedder.EclipseLogger - skip non existing resourceDirectory C:\repositorio\projetoBar\server-api\src\test\resources
2020-04-07 23:19:58,226 [Worker-22: Building workspace] INFO  o.e.m.c.i.embedder.EclipseLogger - Using 'UTF-8' encoding to copy filtered resources.
2020-04-07 23:19:58,257 [Worker-22: Building workspace] INFO  o.e.m.c.i.embedder.EclipseLogger - Copying 14 resources
2020-04-07 23:19:58,273 [Worker-22: Building workspace] INFO  o.e.m.c.i.embedder.EclipseLogger - Using 'UTF-8' encoding to copy filtered resources.
2020-04-07 23:19:58,273 [Worker-22: Building workspace] INFO  o.e.m.c.i.embedder.EclipseLogger - skip non existing resourceDirectory C:\repositorio\projetoBar\server-api\src\test\resources
2020-04-07 23:31:13,251 [Worker-29: Building workspace] INFO  o.e.m.c.i.embedder.EclipseLogger - Using 'UTF-8' encoding to copy filtered resources.
2020-04-07 23:31:13,267 [Worker-29: Building workspace] INFO  o.e.m.c.i.embedder.EclipseLogger - Copying 14 resources
2020-04-07 23:31:13,267 [Worker-29: Building workspace] INFO  o.e.m.c.i.embedder.EclipseLogger - Using 'UTF-8' encoding to copy filtered resources.
2020-04-07 23:31:13,283 [Worker-29: Building workspace] INFO  o.e.m.c.i.embedder.EclipseLogger - skip non existing resourceDirectory C:\repositorio\projetoBar\server-api\src\test\resources
2020-04-07 23:36:44,614 [Worker-26: Building workspace] INFO  o.e.m.c.i.embedder.EclipseLogger - Using 'UTF-8' encoding to copy filtered resources.
2020-04-07 23:36:44,630 [Worker-26: Building workspace] INFO  o.e.m.c.i.embedder.EclipseLogger - Copying 14 resources
2020-04-07 23:36:44,645 [Worker-26: Building workspace] INFO  o.e.m.c.i.embedder.EclipseLogger - Using 'UTF-8' encoding to copy filtered resources.
2020-04-07 23:36:44,645 [Worker-26: Building workspace] INFO  o.e.m.c.i.embedder.EclipseLogger - skip non existing resourceDirectory C:\repositorio\projetoBar\server-api\src\test\resources
2020-04-07 23:49:14,114 [Worker-33: Building workspace] INFO  o.e.m.c.i.embedder.EclipseLogger - Using 'UTF-8' encoding to copy filtered resources.
2020-04-07 23:49:14,146 [Worker-33: Building workspace] INFO  o.e.m.c.i.embedder.EclipseLogger - Copying 14 resources
2020-04-07 23:49:14,161 [Worker-33: Building workspace] INFO  o.e.m.c.i.embedder.EclipseLogger - Using 'UTF-8' encoding to copy filtered resources.
2020-04-07 23:49:14,161 [Worker-33: Building workspace] INFO  o.e.m.c.i.embedder.EclipseLogger - skip non existing resourceDirectory C:\repositorio\projetoBar\server-api\src\test\resources
2020-04-07 23:49:39,811 [Worker-26: Building workspace] INFO  o.e.m.c.i.embedder.EclipseLogger - Using 'UTF-8' encoding to copy filtered resources.
2020-04-07 23:49:39,827 [Worker-26: Building workspace] INFO  o.e.m.c.i.embedder.EclipseLogger - Copying 14 resources
2020-04-07 23:49:39,827 [Worker-26: Building workspace] INFO  o.e.m.c.i.embedder.EclipseLogger - Using 'UTF-8' encoding to copy filtered resources.
2020-04-07 23:49:39,827 [Worker-26: Building workspace] INFO  o.e.m.c.i.embedder.EclipseLogger - skip non existing resourceDirectory C:\repositorio\projetoBar\server-api\src\test\resources
2020-04-07 23:53:19,633 [Worker-33: Building workspace] INFO  o.e.m.c.i.embedder.EclipseLogger - Using 'UTF-8' encoding to copy filtered resources.
2020-04-07 23:53:19,649 [Worker-33: Building workspace] INFO  o.e.m.c.i.embedder.EclipseLogger - Copying 14 resources
2020-04-07 23:53:19,664 [Worker-33: Building workspace] INFO  o.e.m.c.i.embedder.EclipseLogger - Using 'UTF-8' encoding to copy filtered resources.
2020-04-07 23:53:19,664 [Worker-33: Building workspace] INFO  o.e.m.c.i.embedder.EclipseLogger - skip non existing resourceDirectory C:\repositorio\projetoBar\server-api\src\test\resources
2020-04-07 23:53:22,219 [Worker-34: Building workspace] INFO  o.e.m.c.i.embedder.EclipseLogger - Using 'UTF-8' encoding to copy filtered resources.
2020-04-07 23:53:22,235 [Worker-34: Building workspace] INFO  o.e.m.c.i.embedder.EclipseLogger - Copying 14 resources
2020-04-07 23:53:22,235 [Worker-34: Building workspace] INFO  o.e.m.c.i.embedder.EclipseLogger - Using 'UTF-8' encoding to copy filtered resources.
2020-04-07 23:53:22,250 [Worker-34: Building workspace] INFO  o.e.m.c.i.embedder.EclipseLogger - skip non existing resourceDirectory C:\repositorio\projetoBar\server-api\src\test\resources
2020-04-07 23:54:35,836 [Worker-35: Building workspace] INFO  o.e.m.c.i.embedder.EclipseLogger - Using 'UTF-8' encoding to copy filtered resources.
2020-04-07 23:54:35,851 [Worker-35: Building workspace] INFO  o.e.m.c.i.embedder.EclipseLogger - Copying 14 resources
2020-04-07 23:54:35,867 [Worker-35: Building workspace] INFO  o.e.m.c.i.embedder.EclipseLogger - Using 'UTF-8' encoding to copy filtered resources.
2020-04-07 23:54:35,867 [Worker-35: Building workspace] INFO  o.e.m.c.i.embedder.EclipseLogger - skip non existing resourceDirectory C:\repositorio\projetoBar\server-api\src\test\resources
2020-04-07 23:54:45,089 [Worker-35: Building workspace] INFO  o.e.m.c.i.embedder.EclipseLogger - Using 'UTF-8' encoding to copy filtered resources.
2020-04-07 23:54:45,089 [Worker-35: Building workspace] INFO  o.e.m.c.i.embedder.EclipseLogger - Copying 14 resources
2020-04-07 23:54:45,105 [Worker-35: Building workspace] INFO  o.e.m.c.i.embedder.EclipseLogger - Using 'UTF-8' encoding to copy filtered resources.
2020-04-07 23:54:45,105 [Worker-35: Building workspace] INFO  o.e.m.c.i.embedder.EclipseLogger - skip non existing resourceDirectory C:\repositorio\projetoBar\server-api\src\test\resources
2020-04-07 23:56:02,392 [Worker-36: Building workspace] INFO  o.e.m.c.i.embedder.EclipseLogger - Using 'UTF-8' encoding to copy filtered resources.
2020-04-07 23:56:02,400 [Worker-36: Building workspace] INFO  o.e.m.c.i.embedder.EclipseLogger - Copying 14 resources
2020-04-07 23:56:02,406 [Worker-36: Building workspace] INFO  o.e.m.c.i.embedder.EclipseLogger - Using 'UTF-8' encoding to copy filtered resources.
2020-04-07 23:56:02,408 [Worker-36: Building workspace] INFO  o.e.m.c.i.embedder.EclipseLogger - skip non existing resourceDirectory C:\repositorio\projetoBar\server-api\src\test\resources
2020-04-07 23:56:47,236 [Worker-28: Building workspace] INFO  o.e.m.c.i.embedder.EclipseLogger - Using 'UTF-8' encoding to copy filtered resources.
2020-04-07 23:56:47,252 [Worker-28: Building workspace] INFO  o.e.m.c.i.embedder.EclipseLogger - Copying 1 resource
2020-04-07 23:56:47,267 [Worker-28: Building workspace] INFO  o.e.m.c.i.embedder.EclipseLogger - Using 'UTF-8' encoding to copy filtered resources.
2020-04-07 23:56:47,283 [Worker-28: Building workspace] INFO  o.e.m.c.i.embedder.EclipseLogger - skip non existing resourceDirectory C:\repositorio\projetoBar\server-api\src\test\resources
2020-04-07 23:58:33,426 [Worker-26: Building workspace] INFO  o.e.m.c.i.embedder.EclipseLogger - Using 'UTF-8' encoding to copy filtered resources.
2020-04-07 23:58:33,441 [Worker-26: Building workspace] INFO  o.e.m.c.i.embedder.EclipseLogger - Copying 1 resource
2020-04-07 23:58:33,488 [Worker-26: Building workspace] INFO  o.e.m.c.i.embedder.EclipseLogger - Using 'UTF-8' encoding to copy filtered resources.
2020-04-07 23:58:33,488 [Worker-26: Building workspace] INFO  o.e.m.c.i.embedder.EclipseLogger - skip non existing resourceDirectory C:\repositorio\projetoBar\server-api\src\test\resources
2020-04-08 18:06:40,870 [Worker-1: Loading available Gradle versions] INFO  o.e.b.c.i.u.g.PublishedGradleVersions - Gradle version information cache is up-to-date. Trying to read.
2020-04-08 18:13:49,725 [Worker-6: Building workspace] INFO  o.e.m.c.i.embedder.EclipseLogger - Using 'UTF-8' encoding to copy filtered resources.
2020-04-08 18:13:49,741 [Worker-6: Building workspace] INFO  o.e.m.c.i.embedder.EclipseLogger - Copying 15 resources
2020-04-08 18:13:49,937 [Worker-6: Building workspace] INFO  o.e.m.c.i.embedder.EclipseLogger - Using 'UTF-8' encoding to copy filtered resources.
2020-04-08 18:13:49,938 [Worker-6: Building workspace] INFO  o.e.m.c.i.embedder.EclipseLogger - skip non existing resourceDirectory C:\repositorio\projetoBar\server-api\src\test\resources
2020-04-08 18:14:14,170 [Worker-9: Building workspace] INFO  o.e.m.c.i.embedder.EclipseLogger - Using 'UTF-8' encoding to copy filtered resources.
2020-04-08 18:14:14,196 [Worker-9: Building workspace] INFO  o.e.m.c.i.embedder.EclipseLogger - Copying 15 resources
2020-04-08 18:14:14,212 [Worker-9: Building workspace] INFO  o.e.m.c.i.embedder.EclipseLogger - Using 'UTF-8' encoding to copy filtered resources.
2020-04-08 18:14:14,213 [Worker-9: Building workspace] INFO  o.e.m.c.i.embedder.EclipseLogger - skip non existing resourceDirectory C:\repositorio\projetoBar\server-api\src\test\resources
2020-04-08 19:29:10,429 [Worker-34: Building workspace] INFO  o.e.m.c.i.embedder.EclipseLogger - Using 'UTF-8' encoding to copy filtered resources.
2020-04-08 19:29:10,429 [Worker-34: Building workspace] INFO  o.e.m.c.i.embedder.EclipseLogger - Copying 15 resources
2020-04-08 19:29:10,445 [Worker-34: Building workspace] INFO  o.e.m.c.i.embedder.EclipseLogger - Using 'UTF-8' encoding to copy filtered resources.
2020-04-08 19:29:10,445 [Worker-34: Building workspace] INFO  o.e.m.c.i.embedder.EclipseLogger - skip non existing resourceDirectory C:\repositorio\projetoBar\server-api\src\test\resources
2020-04-08 19:30:54,450 [Worker-37: Building workspace] INFO  o.e.m.c.i.embedder.EclipseLogger - Using 'UTF-8' encoding to copy filtered resources.
2020-04-08 19:30:54,466 [Worker-37: Building workspace] INFO  o.e.m.c.i.embedder.EclipseLogger - Copying 15 resources
2020-04-08 19:30:54,481 [Worker-37: Building workspace] INFO  o.e.m.c.i.embedder.EclipseLogger - Using 'UTF-8' encoding to copy filtered resources.
2020-04-08 19:30:54,481 [Worker-37: Building workspace] INFO  o.e.m.c.i.embedder.EclipseLogger - skip non existing resourceDirectory C:\repositorio\projetoBar\server-api\src\test\resources
2020-04-08 19:31:18,265 [Worker-35: Building workspace] INFO  o.e.m.c.i.embedder.EclipseLogger - Using 'UTF-8' encoding to copy filtered resources.
2020-04-08 19:31:18,280 [Worker-35: Building workspace] INFO  o.e.m.c.i.embedder.EclipseLogger - Copying 15 resources
2020-04-08 19:31:18,296 [Worker-35: Building workspace] INFO  o.e.m.c.i.embedder.EclipseLogger - Using 'UTF-8' encoding to copy filtered resources.
2020-04-08 19:31:18,296 [Worker-35: Building workspace] INFO  o.e.m.c.i.embedder.EclipseLogger - skip non existing resourceDirectory C:\repositorio\projetoBar\server-api\src\test\resources
2020-04-08 19:31:47,688 [Worker-36: Building workspace] INFO  o.e.m.c.i.embedder.EclipseLogger - Using 'UTF-8' encoding to copy filtered resources.
2020-04-08 19:31:47,704 [Worker-36: Building workspace] INFO  o.e.m.c.i.embedder.EclipseLogger - Copying 15 resources
2020-04-08 19:31:47,719 [Worker-36: Building workspace] INFO  o.e.m.c.i.embedder.EclipseLogger - Using 'UTF-8' encoding to copy filtered resources.
2020-04-08 19:31:47,719 [Worker-36: Building workspace] INFO  o.e.m.c.i.embedder.EclipseLogger - skip non existing resourceDirectory C:\repositorio\projetoBar\server-api\src\test\resources
2020-04-08 19:32:06,814 [Worker-39: Building workspace] INFO  o.e.m.c.i.embedder.EclipseLogger - Using 'UTF-8' encoding to copy filtered resources.
2020-04-08 19:32:06,814 [Worker-39: Building workspace] INFO  o.e.m.c.i.embedder.EclipseLogger - Copying 15 resources
2020-04-08 19:32:06,830 [Worker-39: Building workspace] INFO  o.e.m.c.i.embedder.EclipseLogger - Using 'UTF-8' encoding to copy filtered resources.
2020-04-08 19:32:06,830 [Worker-39: Building workspace] INFO  o.e.m.c.i.embedder.EclipseLogger - skip non existing resourceDirectory C:\repositorio\projetoBar\server-api\src\test\resources
2020-04-08 19:33:40,865 [Worker-38: Building workspace] INFO  o.e.m.c.i.embedder.EclipseLogger - Using 'UTF-8' encoding to copy filtered resources.
2020-04-08 19:33:40,880 [Worker-38: Building workspace] INFO  o.e.m.c.i.embedder.EclipseLogger - Copying 15 resources
2020-04-08 19:33:40,896 [Worker-38: Building workspace] INFO  o.e.m.c.i.embedder.EclipseLogger - Using 'UTF-8' encoding to copy filtered resources.
2020-04-08 19:33:40,896 [Worker-38: Building workspace] INFO  o.e.m.c.i.embedder.EclipseLogger - skip non existing resourceDirectory C:\repositorio\projetoBar\server-api\src\test\resources
2020-04-08 19:34:40,068 [Worker-34: Building workspace] INFO  o.e.m.c.i.embedder.EclipseLogger - Using 'UTF-8' encoding to copy filtered resources.
2020-04-08 19:34:40,084 [Worker-34: Building workspace] INFO  o.e.m.c.i.embedder.EclipseLogger - Copying 15 resources
2020-04-08 19:34:40,100 [Worker-34: Building workspace] INFO  o.e.m.c.i.embedder.EclipseLogger - Using 'UTF-8' encoding to copy filtered resources.
2020-04-08 19:34:40,100 [Worker-34: Building workspace] INFO  o.e.m.c.i.embedder.EclipseLogger - skip non existing resourceDirectory C:\repositorio\projetoBar\server-api\src\test\resources
2020-04-08 19:35:27,355 [Worker-34: Building workspace] INFO  o.e.m.c.i.embedder.EclipseLogger - Using 'UTF-8' encoding to copy filtered resources.
2020-04-08 19:35:27,415 [Worker-34: Building workspace] INFO  o.e.m.c.i.embedder.EclipseLogger - Copying 15 resources
2020-04-08 19:35:27,432 [Worker-34: Building workspace] INFO  o.e.m.c.i.embedder.EclipseLogger - Using 'UTF-8' encoding to copy filtered resources.
2020-04-08 19:35:27,433 [Worker-34: Building workspace] INFO  o.e.m.c.i.embedder.EclipseLogger - skip non existing resourceDirectory C:\repositorio\projetoBar\server-api\src\test\resources
2020-04-08 19:35:47,259 [Worker-36: Building workspace] INFO  o.e.m.c.i.embedder.EclipseLogger - Using 'UTF-8' encoding to copy filtered resources.
2020-04-08 19:35:47,275 [Worker-36: Building workspace] INFO  o.e.m.c.i.embedder.EclipseLogger - Copying 15 resources
2020-04-08 19:35:47,291 [Worker-36: Building workspace] INFO  o.e.m.c.i.embedder.EclipseLogger - Using 'UTF-8' encoding to copy filtered resources.
2020-04-08 19:35:47,291 [Worker-36: Building workspace] INFO  o.e.m.c.i.embedder.EclipseLogger - skip non existing resourceDirectory C:\repositorio\projetoBar\server-api\src\test\resources
2020-04-08 19:36:06,198 [Worker-36: Building workspace] INFO  o.e.m.c.i.embedder.EclipseLogger - Using 'UTF-8' encoding to copy filtered resources.
2020-04-08 19:36:06,214 [Worker-36: Building workspace] INFO  o.e.m.c.i.embedder.EclipseLogger - Copying 15 resources
2020-04-08 19:36:06,229 [Worker-36: Building workspace] INFO  o.e.m.c.i.embedder.EclipseLogger - Using 'UTF-8' encoding to copy filtered resources.
2020-04-08 19:36:06,229 [Worker-36: Building workspace] INFO  o.e.m.c.i.embedder.EclipseLogger - skip non existing resourceDirectory C:\repositorio\projetoBar\server-api\src\test\resources
2020-04-08 19:36:27,996 [Worker-39: Building workspace] INFO  o.e.m.c.i.embedder.EclipseLogger - Using 'UTF-8' encoding to copy filtered resources.
2020-04-08 19:36:28,012 [Worker-39: Building workspace] INFO  o.e.m.c.i.embedder.EclipseLogger - Copying 15 resources
2020-04-08 19:36:28,027 [Worker-39: Building workspace] INFO  o.e.m.c.i.embedder.EclipseLogger - Using 'UTF-8' encoding to copy filtered resources.
2020-04-08 19:36:28,043 [Worker-39: Building workspace] INFO  o.e.m.c.i.embedder.EclipseLogger - skip non existing resourceDirectory C:\repositorio\projetoBar\server-api\src\test\resources
2020-04-08 19:36:36,746 [Worker-40: Building workspace] INFO  o.e.m.c.i.embedder.EclipseLogger - Using 'UTF-8' encoding to copy filtered resources.
2020-04-08 19:36:36,762 [Worker-40: Building workspace] INFO  o.e.m.c.i.embedder.EclipseLogger - Copying 15 resources
2020-04-08 19:36:36,778 [Worker-40: Building workspace] INFO  o.e.m.c.i.embedder.EclipseLogger - Using 'UTF-8' encoding to copy filtered resources.
2020-04-08 19:36:36,778 [Worker-40: Building workspace] INFO  o.e.m.c.i.embedder.EclipseLogger - skip non existing resourceDirectory C:\repositorio\projetoBar\server-api\src\test\resources
2020-04-08 19:37:53,312 [Worker-38: Building workspace] INFO  o.e.m.c.i.embedder.EclipseLogger - Using 'UTF-8' encoding to copy filtered resources.
2020-04-08 19:37:53,312 [Worker-38: Building workspace] INFO  o.e.m.c.i.embedder.EclipseLogger - Copying 15 resources
2020-04-08 19:37:53,327 [Worker-38: Building workspace] INFO  o.e.m.c.i.embedder.EclipseLogger - Using 'UTF-8' encoding to copy filtered resources.
2020-04-08 19:37:53,327 [Worker-38: Building workspace] INFO  o.e.m.c.i.embedder.EclipseLogger - skip non existing resourceDirectory C:\repositorio\projetoBar\server-api\src\test\resources
2020-04-08 19:38:14,382 [Worker-40: Building workspace] INFO  o.e.m.c.i.embedder.EclipseLogger - Using 'UTF-8' encoding to copy filtered resources.
2020-04-08 19:38:14,382 [Worker-40: Building workspace] INFO  o.e.m.c.i.embedder.EclipseLogger - Copying 15 resources
2020-04-08 19:38:14,398 [Worker-40: Building workspace] INFO  o.e.m.c.i.embedder.EclipseLogger - Using 'UTF-8' encoding to copy filtered resources.
2020-04-08 19:38:14,398 [Worker-40: Building workspace] INFO  o.e.m.c.i.embedder.EclipseLogger - skip non existing resourceDirectory C:\repositorio\projetoBar\server-api\src\test\resources
2020-04-08 19:38:26,774 [Worker-40: Building workspace] INFO  o.e.m.c.i.embedder.EclipseLogger - Using 'UTF-8' encoding to copy filtered resources.
2020-04-08 19:38:26,789 [Worker-40: Building workspace] INFO  o.e.m.c.i.embedder.EclipseLogger - Copying 15 resources
2020-04-08 19:38:26,805 [Worker-40: Building workspace] INFO  o.e.m.c.i.embedder.EclipseLogger - Using 'UTF-8' encoding to copy filtered resources.
2020-04-08 19:38:26,805 [Worker-40: Building workspace] INFO  o.e.m.c.i.embedder.EclipseLogger - skip non existing resourceDirectory C:\repositorio\projetoBar\server-api\src\test\resources
2020-04-08 19:38:28,086 [Worker-40: Building workspace] INFO  o.e.m.c.i.embedder.EclipseLogger - Using 'UTF-8' encoding to copy filtered resources.
2020-04-08 19:38:28,102 [Worker-40: Building workspace] INFO  o.e.m.c.i.embedder.EclipseLogger - Copying 15 resources
2020-04-08 19:38:28,133 [Worker-40: Building workspace] INFO  o.e.m.c.i.embedder.EclipseLogger - Using 'UTF-8' encoding to copy filtered resources.
2020-04-08 19:38:28,133 [Worker-40: Building workspace] INFO  o.e.m.c.i.embedder.EclipseLogger - skip non existing resourceDirectory C:\repositorio\projetoBar\server-api\src\test\resources
2020-04-08 19:38:29,727 [Worker-36: Building workspace] INFO  o.e.m.c.i.embedder.EclipseLogger - Using 'UTF-8' encoding to copy filtered resources.
2020-04-08 19:38:29,742 [Worker-36: Building workspace] INFO  o.e.m.c.i.embedder.EclipseLogger - Copying 15 resources
2020-04-08 19:38:29,742 [Worker-36: Building workspace] INFO  o.e.m.c.i.embedder.EclipseLogger - Using 'UTF-8' encoding to copy filtered resources.
2020-04-08 19:38:29,742 [Worker-36: Building workspace] INFO  o.e.m.c.i.embedder.EclipseLogger - skip non existing resourceDirectory C:\repositorio\projetoBar\server-api\src\test\resources
2020-04-08 19:39:25,777 [Worker-38: Building workspace] INFO  o.e.m.c.i.embedder.EclipseLogger - Using 'UTF-8' encoding to copy filtered resources.
2020-04-08 19:39:25,792 [Worker-38: Building workspace] INFO  o.e.m.c.i.embedder.EclipseLogger - Copying 15 resources
2020-04-08 19:39:25,792 [Worker-38: Building workspace] INFO  o.e.m.c.i.embedder.EclipseLogger - Using 'UTF-8' encoding to copy filtered resources.
2020-04-08 19:39:25,792 [Worker-38: Building workspace] INFO  o.e.m.c.i.embedder.EclipseLogger - skip non existing resourceDirectory C:\repositorio\projetoBar\server-api\src\test\resources
2020-04-08 19:40:26,133 [Worker-39: Building workspace] INFO  o.e.m.c.i.embedder.EclipseLogger - Using 'UTF-8' encoding to copy filtered resources.
2020-04-08 19:40:26,133 [Worker-39: Building workspace] INFO  o.e.m.c.i.embedder.EclipseLogger - Copying 15 resources
2020-04-08 19:40:26,149 [Worker-39: Building workspace] INFO  o.e.m.c.i.embedder.EclipseLogger - Using 'UTF-8' encoding to copy filtered resources.
2020-04-08 19:40:26,149 [Worker-39: Building workspace] INFO  o.e.m.c.i.embedder.EclipseLogger - skip non existing resourceDirectory C:\repositorio\projetoBar\server-api\src\test\resources
2020-04-08 19:42:51,172 [Worker-34: Building workspace] INFO  o.e.m.c.i.embedder.EclipseLogger - Using 'UTF-8' encoding to copy filtered resources.
2020-04-08 19:42:51,172 [Worker-34: Building workspace] INFO  o.e.m.c.i.embedder.EclipseLogger - Copying 15 resources
2020-04-08 19:42:51,187 [Worker-34: Building workspace] INFO  o.e.m.c.i.embedder.EclipseLogger - Using 'UTF-8' encoding to copy filtered resources.
2020-04-08 19:42:51,187 [Worker-34: Building workspace] INFO  o.e.m.c.i.embedder.EclipseLogger - skip non existing resourceDirectory C:\repositorio\projetoBar\server-api\src\test\resources
2020-04-08 19:45:48,826 [Worker-35: Building Workspace] INFO  o.e.m.c.i.embedder.EclipseLogger - Using 'UTF-8' encoding to copy filtered resources.
2020-04-08 19:45:48,842 [Worker-35: Building Workspace] INFO  o.e.m.c.i.embedder.EclipseLogger - Copying 15 resources
2020-04-08 19:45:48,857 [Worker-35: Building Workspace] INFO  o.e.m.c.i.embedder.EclipseLogger - Using 'UTF-8' encoding to copy filtered resources.
2020-04-08 19:45:48,857 [Worker-35: Building Workspace] INFO  o.e.m.c.i.embedder.EclipseLogger - skip non existing resourceDirectory C:\repositorio\projetoBar\server-api\src\test\resources
2020-04-08 19:50:15,458 [Worker-43: Building workspace] INFO  o.e.m.c.i.embedder.EclipseLogger - Using 'UTF-8' encoding to copy filtered resources.
2020-04-08 19:50:15,474 [Worker-43: Building workspace] INFO  o.e.m.c.i.embedder.EclipseLogger - Copying 15 resources
2020-04-08 19:50:15,474 [Worker-43: Building workspace] INFO  o.e.m.c.i.embedder.EclipseLogger - Using 'UTF-8' encoding to copy filtered resources.
2020-04-08 19:50:15,474 [Worker-43: Building workspace] INFO  o.e.m.c.i.embedder.EclipseLogger - skip non existing resourceDirectory C:\repositorio\projetoBar\server-api\src\test\resources
2020-04-08 20:06:17,982 [Worker-48: Building workspace] INFO  o.e.m.c.i.embedder.EclipseLogger - Using 'UTF-8' encoding to copy filtered resources.
2020-04-08 20:06:17,982 [Worker-48: Building workspace] INFO  o.e.m.c.i.embedder.EclipseLogger - Copying 1 resource
2020-04-08 20:06:18,029 [Worker-48: Building workspace] INFO  o.e.m.c.i.embedder.EclipseLogger - Using 'UTF-8' encoding to copy filtered resources.
2020-04-08 20:06:18,029 [Worker-48: Building workspace] INFO  o.e.m.c.i.embedder.EclipseLogger - skip non existing resourceDirectory C:\repositorio\projetoBar\server-api\src\test\resources
2020-04-08 20:09:51,865 [Worker-49: Building workspace] INFO  o.e.m.c.i.embedder.EclipseLogger - Using 'UTF-8' encoding to copy filtered resources.
2020-04-08 20:09:51,865 [Worker-49: Building workspace] INFO  o.e.m.c.i.embedder.EclipseLogger - Copying 1 resource
2020-04-08 20:09:51,927 [Worker-49: Building workspace] INFO  o.e.m.c.i.embedder.EclipseLogger - Using 'UTF-8' encoding to copy filtered resources.
2020-04-08 20:09:51,927 [Worker-49: Building workspace] INFO  o.e.m.c.i.embedder.EclipseLogger - skip non existing resourceDirectory C:\repositorio\projetoBar\server-api\src\test\resources
2020-04-08 20:15:51,851 [Worker-46: Building workspace] INFO  o.e.m.c.i.embedder.EclipseLogger - Using 'UTF-8' encoding to copy filtered resources.
2020-04-08 20:15:51,851 [Worker-46: Building workspace] INFO  o.e.m.c.i.embedder.EclipseLogger - Copying 1 resource
2020-04-08 20:15:51,930 [Worker-46: Building workspace] INFO  o.e.m.c.i.embedder.EclipseLogger - Using 'UTF-8' encoding to copy filtered resources.
2020-04-08 20:15:51,930 [Worker-46: Building workspace] INFO  o.e.m.c.i.embedder.EclipseLogger - skip non existing resourceDirectory C:\repositorio\projetoBar\server-api\src\test\resources
2020-04-08 20:24:03,750 [Worker-57: Building workspace] INFO  o.e.m.c.i.embedder.EclipseLogger - Using 'UTF-8' encoding to copy filtered resources.
2020-04-08 20:24:03,765 [Worker-57: Building workspace] INFO  o.e.m.c.i.embedder.EclipseLogger - Copying 16 resources
2020-04-08 20:24:03,765 [Worker-57: Building workspace] INFO  o.e.m.c.i.embedder.EclipseLogger - Using 'UTF-8' encoding to copy filtered resources.
2020-04-08 20:24:03,781 [Worker-57: Building workspace] INFO  o.e.m.c.i.embedder.EclipseLogger - skip non existing resourceDirectory C:\repositorio\projetoBar\server-api\src\test\resources
2020-04-08 20:24:10,391 [Worker-51: Building workspace] INFO  o.e.m.c.i.embedder.EclipseLogger - Using 'UTF-8' encoding to copy filtered resources.
2020-04-08 20:24:10,391 [Worker-51: Building workspace] INFO  o.e.m.c.i.embedder.EclipseLogger - Copying 16 resources
2020-04-08 20:24:10,406 [Worker-51: Building workspace] INFO  o.e.m.c.i.embedder.EclipseLogger - Using 'UTF-8' encoding to copy filtered resources.
2020-04-08 20:24:10,406 [Worker-51: Building workspace] INFO  o.e.m.c.i.embedder.EclipseLogger - skip non existing resourceDirectory C:\repositorio\projetoBar\server-api\src\test\resources
2020-04-08 20:24:42,079 [Worker-57: Building workspace] INFO  o.e.m.c.i.embedder.EclipseLogger - Using 'UTF-8' encoding to copy filtered resources.
2020-04-08 20:24:42,095 [Worker-57: Building workspace] INFO  o.e.m.c.i.embedder.EclipseLogger - Copying 16 resources
2020-04-08 20:24:42,095 [Worker-57: Building workspace] INFO  o.e.m.c.i.embedder.EclipseLogger - Using 'UTF-8' encoding to copy filtered resources.
2020-04-08 20:24:42,095 [Worker-57: Building workspace] INFO  o.e.m.c.i.embedder.EclipseLogger - skip non existing resourceDirectory C:\repositorio\projetoBar\server-api\src\test\resources
2020-04-08 20:25:07,486 [Worker-46: Building workspace] INFO  o.e.m.c.i.embedder.EclipseLogger - Using 'UTF-8' encoding to copy filtered resources.
2020-04-08 20:25:07,502 [Worker-46: Building workspace] INFO  o.e.m.c.i.embedder.EclipseLogger - Copying 16 resources
2020-04-08 20:25:07,502 [Worker-46: Building workspace] INFO  o.e.m.c.i.embedder.EclipseLogger - Using 'UTF-8' encoding to copy filtered resources.
2020-04-08 20:25:07,518 [Worker-46: Building workspace] INFO  o.e.m.c.i.embedder.EclipseLogger - skip non existing resourceDirectory C:\repositorio\projetoBar\server-api\src\test\resources
2020-04-08 20:25:38,684 [Worker-54: Building workspace] INFO  o.e.m.c.i.embedder.EclipseLogger - Using 'UTF-8' encoding to copy filtered resources.
2020-04-08 20:25:38,700 [Worker-54: Building workspace] INFO  o.e.m.c.i.embedder.EclipseLogger - Copying 16 resources
2020-04-08 20:25:38,716 [Worker-54: Building workspace] INFO  o.e.m.c.i.embedder.EclipseLogger - Using 'UTF-8' encoding to copy filtered resources.
2020-04-08 20:25:38,716 [Worker-54: Building workspace] INFO  o.e.m.c.i.embedder.EclipseLogger - skip non existing resourceDirectory C:\repositorio\projetoBar\server-api\src\test\resources
2020-04-08 20:26:12,670 [Worker-59: Building workspace] INFO  o.e.m.c.i.embedder.EclipseLogger - Using 'UTF-8' encoding to copy filtered resources.
2020-04-08 20:26:12,686 [Worker-59: Building workspace] INFO  o.e.m.c.i.embedder.EclipseLogger - Copying 16 resources
2020-04-08 20:26:12,686 [Worker-59: Building workspace] INFO  o.e.m.c.i.embedder.EclipseLogger - Using 'UTF-8' encoding to copy filtered resources.
2020-04-08 20:26:12,686 [Worker-59: Building workspace] INFO  o.e.m.c.i.embedder.EclipseLogger - skip non existing resourceDirectory C:\repositorio\projetoBar\server-api\src\test\resources
2020-04-08 20:47:55,870 [Worker-62: Building workspace] INFO  o.e.m.c.i.embedder.EclipseLogger - Using 'UTF-8' encoding to copy filtered resources.
2020-04-08 20:47:55,870 [Worker-62: Building workspace] INFO  o.e.m.c.i.embedder.EclipseLogger - Copying 16 resources
2020-04-08 20:47:55,886 [Worker-62: Building workspace] INFO  o.e.m.c.i.embedder.EclipseLogger - Using 'UTF-8' encoding to copy filtered resources.
2020-04-08 20:47:55,886 [Worker-62: Building workspace] INFO  o.e.m.c.i.embedder.EclipseLogger - skip non existing resourceDirectory C:\repositorio\projetoBar\server-api\src\test\resources
2020-04-08 20:49:02,038 [Worker-59: Building workspace] INFO  o.e.m.c.i.embedder.EclipseLogger - Using 'UTF-8' encoding to copy filtered resources.
2020-04-08 20:49:02,038 [Worker-59: Building workspace] INFO  o.e.m.c.i.embedder.EclipseLogger - Copying 16 resources
2020-04-08 20:49:02,054 [Worker-59: Building workspace] INFO  o.e.m.c.i.embedder.EclipseLogger - Using 'UTF-8' encoding to copy filtered resources.
2020-04-08 20:49:02,054 [Worker-59: Building workspace] INFO  o.e.m.c.i.embedder.EclipseLogger - skip non existing resourceDirectory C:\repositorio\projetoBar\server-api\src\test\resources
2020-04-08 20:55:52,126 [Worker-66: Building workspace] INFO  o.e.m.c.i.embedder.EclipseLogger - Using 'UTF-8' encoding to copy filtered resources.
2020-04-08 20:55:52,142 [Worker-66: Building workspace] INFO  o.e.m.c.i.embedder.EclipseLogger - Copying 16 resources
2020-04-08 20:55:52,142 [Worker-66: Building workspace] INFO  o.e.m.c.i.embedder.EclipseLogger - Using 'UTF-8' encoding to copy filtered resources.
2020-04-08 20:55:52,142 [Worker-66: Building workspace] INFO  o.e.m.c.i.embedder.EclipseLogger - skip non existing resourceDirectory C:\repositorio\projetoBar\server-api\src\test\resources
